<?xml version="1.0" encoding="UTF-8" ?>
<testsuites name="vitest tests" tests="675" failures="0" errors="0" time="79.192913251">
    <testsuite name="src/lib/formly/formly.form.component.spec.ts" timestamp="2026-04-08T13:31:18.757Z" hostname="Michelles-MacBook-Air.local" tests="1" failures="0" errors="0" skipped="0" time="0.178219416">
        <testcase classname="src/lib/formly/formly.form.component.spec.ts" name="DbxInputFormControlComponent &gt; should be created" time="0.17724725">
        </testcase>
    </testsuite>
    <testsuite name="src/lib/forge/form/forge.component.spec.ts" timestamp="2026-04-08T13:31:18.758Z" hostname="Michelles-MacBook-Air.local" tests="34" failures="0" errors="0" skipped="0" time="13.3399675">
        <testcase classname="src/lib/forge/form/forge.component.spec.ts" name="DbxForgeFormComponent &gt; validation gating (requireValid = true) &gt; should not emit getValue() when a required field is empty" time="1.645657542">
        </testcase>
        <testcase classname="src/lib/forge/form/forge.component.spec.ts" name="DbxForgeFormComponent &gt; validation gating (requireValid = true) &gt; should emit getValue() when a required field has a value" time="1.972121833">
        </testcase>
        <testcase classname="src/lib/forge/form/forge.component.spec.ts" name="DbxForgeFormComponent &gt; validation gating (requireValid = true) &gt; should emit getValue() for optional fields even when empty" time="0.979096167">
        </testcase>
        <testcase classname="src/lib/forge/form/forge.component.spec.ts" name="DbxForgeFormComponent &gt; validation gating (requireValid = true) &gt; should report isComplete=false in stream$ when required field is empty" time="0.975426375">
        </testcase>
        <testcase classname="src/lib/forge/form/forge.component.spec.ts" name="DbxForgeFormComponent &gt; validation gating (requireValid = true) &gt; should report isComplete=true in stream$ when required field has a value" time="1.933095125">
        </testcase>
        <testcase classname="src/lib/forge/form/forge.component.spec.ts" name="DbxForgeFormComponent &gt; requireValid = false &gt; should emit getValue() even when a required field is empty" time="0.968387">
        </testcase>
        <testcase classname="src/lib/forge/form/forge.component.spec.ts" name="DbxForgeFormComponent &gt; requireValid = false &gt; should still report isComplete=false in stream$ when invalid" time="0.970722541">
        </testcase>
        <testcase classname="src/lib/forge/form/forge.component.spec.ts" name="DbxForgeFormComponent &gt; stripInternalKeys (default true) &gt; should strip _ prefixed keys from toggle wrapper output" time="0.97549125">
        </testcase>
        <testcase classname="src/lib/forge/form/forge.component.spec.ts" name="DbxForgeFormComponent &gt; stripInternalKeys (default true) &gt; should preserve domain model keys from inside wrappers" time="1.93545075">
        </testcase>
        <testcase classname="src/lib/forge/form/forge.component.spec.ts" name="DbxForgeFormComponent &gt; stripInternalKeys = false &gt; should preserve _ prefixed keys in output" time="0.96935975">
        </testcase>
        <testcase classname="src/lib/forge/form/forge.component.spec.ts" name="stripForgeInternalKeys() &gt; should strip primitive _ keys" time="0.000936458">
        </testcase>
        <testcase classname="src/lib/forge/form/forge.component.spec.ts" name="stripForgeInternalKeys() &gt; should unwrap object _ keys (sections)" time="0.000611083">
        </testcase>
        <testcase classname="src/lib/forge/form/forge.component.spec.ts" name="stripForgeInternalKeys() &gt; should handle mixed toggle + section output" time="0.000396875">
        </testcase>
        <testcase classname="src/lib/forge/form/forge.component.spec.ts" name="stripForgeInternalKeys() &gt; should handle nested sections" time="0.000919083">
        </testcase>
        <testcase classname="src/lib/forge/form/forge.component.spec.ts" name="stripForgeInternalKeys() &gt; should preserve non-underscore keys" time="0.000456292">
        </testcase>
        <testcase classname="src/lib/forge/form/forge.component.spec.ts" name="stripForgeInternalKeys() &gt; should preserve arrays" time="0.000647875">
        </testcase>
        <testcase classname="src/lib/forge/form/forge.component.spec.ts" name="stripForgeInternalKeys() &gt; should return null/undefined as-is" time="0.000371334">
        </testcase>
        <testcase classname="src/lib/forge/form/forge.component.spec.ts" name="stripForgeInternalKeys() &gt; should return primitives as-is" time="0.000403959">
        </testcase>
        <testcase classname="src/lib/forge/form/forge.component.spec.ts" name="stripForgeInternalKeys() &gt; should recursively clean non-underscore object values" time="0.000442833">
        </testcase>
        <testcase classname="src/lib/forge/form/forge.component.spec.ts" name="stripEmptyForgeValues() &gt; should strip empty string values" time="0.000480875">
        </testcase>
        <testcase classname="src/lib/forge/form/forge.component.spec.ts" name="stripEmptyForgeValues() &gt; should strip null values" time="0.000270583">
        </testcase>
        <testcase classname="src/lib/forge/form/forge.component.spec.ts" name="stripEmptyForgeValues() &gt; should strip undefined values" time="0.000493584">
        </testcase>
        <testcase classname="src/lib/forge/form/forge.component.spec.ts" name="stripEmptyForgeValues() &gt; should preserve false values" time="0.000469083">
        </testcase>
        <testcase classname="src/lib/forge/form/forge.component.spec.ts" name="stripEmptyForgeValues() &gt; should preserve zero values" time="0.000348458">
        </testcase>
        <testcase classname="src/lib/forge/form/forge.component.spec.ts" name="stripEmptyForgeValues() &gt; should preserve empty arrays" time="0.000363292">
        </testcase>
        <testcase classname="src/lib/forge/form/forge.component.spec.ts" name="stripEmptyForgeValues() &gt; should preserve non-empty arrays" time="0.000566875">
        </testcase>
        <testcase classname="src/lib/forge/form/forge.component.spec.ts" name="stripEmptyForgeValues() &gt; should recursively strip nested empty values" time="0.000403292">
        </testcase>
        <testcase classname="src/lib/forge/form/forge.component.spec.ts" name="stripEmptyForgeValues() &gt; should keep nested objects with non-empty values" time="0.000276709">
        </testcase>
        <testcase classname="src/lib/forge/form/forge.component.spec.ts" name="stripEmptyForgeValues() &gt; should handle deeply nested objects" time="0.000626125">
        </testcase>
        <testcase classname="src/lib/forge/form/forge.component.spec.ts" name="stripEmptyForgeValues() &gt; should return null/undefined as-is" time="0.000254333">
        </testcase>
        <testcase classname="src/lib/forge/form/forge.component.spec.ts" name="stripEmptyForgeValues() &gt; should return primitives as-is" time="0.000385208">
        </testcase>
        <testcase classname="src/lib/forge/form/forge.component.spec.ts" name="stripEmptyForgeValues() &gt; should return empty object when all values are empty" time="0.000297709">
        </testcase>
        <testcase classname="src/lib/forge/form/forge.component.spec.ts" name="stripEmptyForgeValues() &gt; should work with combined stripForgeInternalKeys output" time="0.000212875">
        </testcase>
        <testcase classname="src/lib/forge/form/forge.component.spec.ts" name="stripEmptyForgeValues() &gt; should preserve values from combined strip when non-empty" time="0.000220333">
        </testcase>
    </testsuite>
    <testsuite name="src/lib/forge/template/available.spec.ts" timestamp="2026-04-08T13:31:18.761Z" hostname="Michelles-MacBook-Air.local" tests="12" failures="0" errors="0" skipped="0" time="0.021696">
        <testcase classname="src/lib/forge/template/available.spec.ts" name="forgeTextIsAvailableField() &gt; should return a result with field, asyncValidators, and validationMessages" time="0.008288958">
        </testcase>
        <testcase classname="src/lib/forge/template/available.spec.ts" name="forgeTextIsAvailableField() &gt; should create an input field with correct key and label" time="0.001617083">
        </testcase>
        <testcase classname="src/lib/forge/template/available.spec.ts" name="forgeTextIsAvailableField() &gt; should add async validator reference to the field" time="0.003495833">
        </testcase>
        <testcase classname="src/lib/forge/template/available.spec.ts" name="forgeTextIsAvailableField() &gt; should register the async validator with the default name" time="0.0008535">
        </testcase>
        <testcase classname="src/lib/forge/template/available.spec.ts" name="forgeTextIsAvailableField() &gt; should use the default error message in validationMessages" time="0.000626417">
        </testcase>
        <testcase classname="src/lib/forge/template/available.spec.ts" name="forgeTextIsAvailableField() &gt; should use custom error message when provided" time="0.000508792">
        </testcase>
        <testcase classname="src/lib/forge/template/available.spec.ts" name="forgeTextIsAvailableField() &gt; should support custom validator name" time="0.001185292">
        </testcase>
        <testcase classname="src/lib/forge/template/available.spec.ts" name="forgeTextIsAvailableField() &gt; should pass through text field config options" time="0.000441959">
        </testcase>
        <testcase classname="src/lib/forge/template/available.spec.ts" name="forgeTextIsAvailableField() &gt; should have params, factory, onSuccess, and onError on the async validator" time="0.000683166">
        </testcase>
        <testcase classname="src/lib/forge/template/available.spec.ts" name="forgeTextIsAvailableField() &gt; onSuccess should return null for available values" time="0.000510125">
        </testcase>
        <testcase classname="src/lib/forge/template/available.spec.ts" name="forgeTextIsAvailableField() &gt; onSuccess should return validation error for unavailable values" time="0.001379333">
        </testcase>
        <testcase classname="src/lib/forge/template/available.spec.ts" name="forgeTextIsAvailableField() &gt; onError should return null (not block form on errors)" time="0.000276708">
        </testcase>
    </testsuite>
    <testsuite name="src/lib/forge/template/login.spec.ts" timestamp="2026-04-08T13:31:18.762Z" hostname="Michelles-MacBook-Air.local" tests="26" failures="0" errors="0" skipped="0" time="0.012221709">
        <testcase classname="src/lib/forge/template/login.spec.ts" name="forgeTextPasswordField() &gt; should create an input field" time="0.00323475">
        </testcase>
        <testcase classname="src/lib/forge/template/login.spec.ts" name="forgeTextPasswordField() &gt; should default key to password" time="0.000254167">
        </testcase>
        <testcase classname="src/lib/forge/template/login.spec.ts" name="forgeTextPasswordField() &gt; should default label to Password" time="0.000172416">
        </testcase>
        <testcase classname="src/lib/forge/template/login.spec.ts" name="forgeTextPasswordField() &gt; should use password input type" time="0.000141333">
        </testcase>
        <testcase classname="src/lib/forge/template/login.spec.ts" name="forgeTextPasswordField() &gt; should be required by default" time="0.000472083">
        </testcase>
        <testcase classname="src/lib/forge/template/login.spec.ts" name="forgeTextPasswordField() &gt; should allow overriding the key" time="0.000176208">
        </testcase>
        <testcase classname="src/lib/forge/template/login.spec.ts" name="forgeTextPasswordField() &gt; should allow overriding the label" time="0.000156916">
        </testcase>
        <testcase classname="src/lib/forge/template/login.spec.ts" name="forgeTextVerifyPasswordField() &gt; should create an input field" time="0.000137292">
        </testcase>
        <testcase classname="src/lib/forge/template/login.spec.ts" name="forgeTextVerifyPasswordField() &gt; should default key to verifyPassword" time="0.00034875">
        </testcase>
        <testcase classname="src/lib/forge/template/login.spec.ts" name="forgeTextVerifyPasswordField() &gt; should default label to Verify Password" time="0.000650458">
        </testcase>
        <testcase classname="src/lib/forge/template/login.spec.ts" name="forgeTextVerifyPasswordField() &gt; should use password input type" time="0.000361875">
        </testcase>
        <testcase classname="src/lib/forge/template/login.spec.ts" name="forgeTextVerifyPasswordField() &gt; should be required by default" time="0.00028125">
        </testcase>
        <testcase classname="src/lib/forge/template/login.spec.ts" name="forgeTextVerifyPasswordField() &gt; should allow overriding the key" time="0.000142583">
        </testcase>
        <testcase classname="src/lib/forge/template/login.spec.ts" name="forgeTextVerifyPasswordField() &gt; should allow overriding the label" time="0.00045975">
        </testcase>
        <testcase classname="src/lib/forge/template/login.spec.ts" name="forgeUsernameLoginField() &gt; should create an email input field when configured with email string" time="0.000536708">
        </testcase>
        <testcase classname="src/lib/forge/template/login.spec.ts" name="forgeUsernameLoginField() &gt; should create a text input field when configured with username string" time="0.000164459">
        </testcase>
        <testcase classname="src/lib/forge/template/login.spec.ts" name="forgeUsernameLoginField() &gt; should set required when using email shorthand" time="0.000133375">
        </testcase>
        <testcase classname="src/lib/forge/template/login.spec.ts" name="forgeUsernameLoginField() &gt; should set required when using username shorthand" time="0.000102333">
        </testcase>
        <testcase classname="src/lib/forge/template/login.spec.ts" name="forgeUsernameLoginField() &gt; should use email config when provided as object" time="0.0001245">
        </testcase>
        <testcase classname="src/lib/forge/template/login.spec.ts" name="forgeUsernameLoginField() &gt; should use username config when provided as object" time="0.000115584">
        </testcase>
        <testcase classname="src/lib/forge/template/login.spec.ts" name="forgeUsernamePasswordLoginFields() &gt; should return an array of two fields" time="0.000120667">
        </testcase>
        <testcase classname="src/lib/forge/template/login.spec.ts" name="forgeUsernamePasswordLoginFields() &gt; should have the username field first and password field second" time="0.000108042">
        </testcase>
        <testcase classname="src/lib/forge/template/login.spec.ts" name="forgeUsernamePasswordLoginFields() &gt; should create email-based username when configured with email" time="0.00008775">
        </testcase>
        <testcase classname="src/lib/forge/template/login.spec.ts" name="forgeUsernamePasswordLoginFields() &gt; should create text-based username when configured with username" time="0.000086834">
        </testcase>
        <testcase classname="src/lib/forge/template/login.spec.ts" name="forgeUsernamePasswordLoginFields() &gt; should create a password field with password input type" time="0.000394417">
        </testcase>
        <testcase classname="src/lib/forge/template/login.spec.ts" name="forgeUsernamePasswordLoginFields() &gt; should propagate password config" time="0.000215917">
        </testcase>
    </testsuite>
    <testsuite name="src/lib/forge/template/timezone.spec.ts" timestamp="2026-04-08T13:31:18.764Z" hostname="Michelles-MacBook-Air.local" tests="10" failures="0" errors="0" skipped="0" time="0.20390125">
        <testcase classname="src/lib/forge/template/timezone.spec.ts" name="forgeTimezoneStringField() &gt; should create a searchable text field with type dbx-searchable-text" time="0.195326875">
        </testcase>
        <testcase classname="src/lib/forge/template/timezone.spec.ts" name="forgeTimezoneStringField() &gt; should default to key &quot;timezone&quot;" time="0.000373292">
        </testcase>
        <testcase classname="src/lib/forge/template/timezone.spec.ts" name="forgeTimezoneStringField() &gt; should default to label &quot;Timezone&quot;" time="0.000492333">
        </testcase>
        <testcase classname="src/lib/forge/template/timezone.spec.ts" name="forgeTimezoneStringField() &gt; should allow overriding key" time="0.000267875">
        </testcase>
        <testcase classname="src/lib/forge/template/timezone.spec.ts" name="forgeTimezoneStringField() &gt; should allow overriding label" time="0.000152959">
        </testcase>
        <testcase classname="src/lib/forge/template/timezone.spec.ts" name="forgeTimezoneStringField() &gt; should set required when specified" time="0.000136291">
        </testcase>
        <testcase classname="src/lib/forge/template/timezone.spec.ts" name="forgeTimezoneStringField() &gt; should set readonly when specified" time="0.000799125">
        </testcase>
        <testcase classname="src/lib/forge/template/timezone.spec.ts" name="forgeTimezoneStringField() &gt; should configure search and display props" time="0.0004855">
        </testcase>
        <testcase classname="src/lib/forge/template/timezone.spec.ts" name="forgeTimezoneStringField() &gt; should work with no arguments" time="0.001371458">
        </testcase>
        <testcase classname="src/lib/forge/template/timezone.spec.ts" name="forgeTimezoneStringField() &gt; should work with empty config" time="0.000238666">
        </testcase>
    </testsuite>
    <testsuite name="src/lib/forge/template/website.spec.ts" timestamp="2026-04-08T13:31:18.765Z" hostname="Michelles-MacBook-Air.local" tests="8" failures="0" errors="0" skipped="0" time="0.007760458">
        <testcase classname="src/lib/forge/template/website.spec.ts" name="forgeWebsiteUrlField() &gt; should create an input field" time="0.003118916">
        </testcase>
        <testcase classname="src/lib/forge/template/website.spec.ts" name="forgeWebsiteUrlField() &gt; should default key to website" time="0.000573166">
        </testcase>
        <testcase classname="src/lib/forge/template/website.spec.ts" name="forgeWebsiteUrlField() &gt; should default label to Website Url" time="0.000543916">
        </testcase>
        <testcase classname="src/lib/forge/template/website.spec.ts" name="forgeWebsiteUrlField() &gt; should use text input type" time="0.000386334">
        </testcase>
        <testcase classname="src/lib/forge/template/website.spec.ts" name="forgeWebsiteUrlField() &gt; should allow overriding the key" time="0.0004605">
        </testcase>
        <testcase classname="src/lib/forge/template/website.spec.ts" name="forgeWebsiteUrlField() &gt; should allow overriding the label" time="0.00051">
        </testcase>
        <testcase classname="src/lib/forge/template/website.spec.ts" name="forgeWebsiteUrlField() &gt; should set required when specified" time="0.000410125">
        </testcase>
        <testcase classname="src/lib/forge/template/website.spec.ts" name="forgeWebsiteUrlField() &gt; should map description to hint in props" time="0.00035775">
        </testcase>
    </testsuite>
    <testsuite name="src/lib/form/action/form.action.directive.spec.ts" timestamp="2026-04-08T13:31:18.765Z" hostname="Michelles-MacBook-Air.local" tests="3" failures="0" errors="0" skipped="0" time="0.473852375">
        <testcase classname="src/lib/form/action/form.action.directive.spec.ts" name="FormActionDirective &gt; should be created" time="0.355094917">
        </testcase>
        <testcase classname="src/lib/form/action/form.action.directive.spec.ts" name="FormActionDirective &gt; when form valid &gt; should provide the value when triggered." time="0.059794042">
        </testcase>
        <testcase classname="src/lib/form/action/form.action.directive.spec.ts" name="FormActionDirective &gt; when form is invalid &gt; isModifiedAndCanTrigger$ should be false." time="0.056403208">
        </testcase>
    </testsuite>
    <testsuite name="src/lib/form/io/form.input.directive.spec.ts" timestamp="2026-04-08T13:31:18.766Z" hostname="Michelles-MacBook-Air.local" tests="12" failures="0" errors="0" skipped="0" time="0.760055667">
        <testcase classname="src/lib/form/io/form.input.directive.spec.ts" name="dbxFormSourceObservableFromStream() &gt; should complete when the state stream and mode and value obs completes." time="0.009856292">
        </testcase>
        <testcase classname="src/lib/form/io/form.input.directive.spec.ts" name="dbxFormSourceObservableFromStream() &gt; mode &gt; reset &gt; should not pipe values when the state is INITIALIZING." time="0.103649917">
        </testcase>
        <testcase classname="src/lib/form/io/form.input.directive.spec.ts" name="dbxFormSourceObservableFromStream() &gt; mode &gt; reset &gt; should not pipe values when the state is INITIALIZING." time="0.10054025">
        </testcase>
        <testcase classname="src/lib/form/io/form.input.directive.spec.ts" name="dbxFormSourceObservableFromStream() &gt; mode &gt; reset &gt; should only pipe the first value when the state is RESET and ignore subsequent source changes." time="0.205371417">
        </testcase>
        <testcase classname="src/lib/form/io/form.input.directive.spec.ts" name="dbxFormSourceObservableFromStream() &gt; mode &gt; reset &gt; should only pipe values while the state is RESET." time="0.103428333">
        </testcase>
        <testcase classname="src/lib/form/io/form.input.directive.spec.ts" name="dbxFormSourceObservableFromStream() &gt; mode &gt; reset &gt; should pipe the first value recieved when reset occurs" time="0.002065959">
        </testcase>
        <testcase classname="src/lib/form/io/form.input.directive.spec.ts" name="dbxFormSourceObservableFromStream() &gt; mode &gt; reset &gt; should forward the latest value on each RESET after USED" time="0.005008583">
        </testcase>
        <testcase classname="src/lib/form/io/form.input.directive.spec.ts" name="dbxFormSourceObservableFromStream() &gt; mode &gt; always &gt; should not pipe values when the state is INITIALIZING." time="0.105972708">
        </testcase>
        <testcase classname="src/lib/form/io/form.input.directive.spec.ts" name="dbxFormSourceObservableFromStream() &gt; mode &gt; always &gt; should not pipe values when the state is changing between other non-initialized states." time="0.11031175">
        </testcase>
        <testcase classname="src/lib/form/io/form.input.directive.spec.ts" name="dbxFormSourceObservableFromStream() &gt; mode &gt; always &gt; should pipe values when the state is RESET." time="0.011693833">
        </testcase>
        <testcase classname="src/lib/form/io/form.input.directive.spec.ts" name="dbxFormSourceObservableFromStream() &gt; mode &gt; always &gt; should pipe values when the state is USED." time="0.00040275">
        </testcase>
        <testcase classname="src/lib/form/io/form.input.directive.spec.ts" name="dbxFormSourceObservableFromStream() &gt; mode &gt; always &gt; should continue to pipe values while the state is not INITIALIZING." time="0.000346417">
        </testcase>
    </testsuite>
    <testsuite name="src/lib/form/io/form.loading.directive.spec.ts" timestamp="2026-04-08T13:31:18.767Z" hostname="Michelles-MacBook-Air.local" tests="2" failures="0" errors="0" skipped="0" time="0.527471834">
        <testcase classname="src/lib/form/io/form.loading.directive.spec.ts" name="DbxFormLoadingPairSourceDirective &gt; should be created" time="0.449247459">
        </testcase>
        <testcase classname="src/lib/form/io/form.loading.directive.spec.ts" name="DbxFormLoadingPairSourceDirective &gt; should pass the value of the observable to the form" time="0.073904208">
        </testcase>
    </testsuite>
    <testsuite name="src/lib/forge/field/checklist/checklist.field.spec.ts" timestamp="2026-04-08T13:31:18.767Z" hostname="Michelles-MacBook-Air.local" tests="11" failures="0" errors="0" skipped="0" time="0.00829225">
        <testcase classname="src/lib/forge/field/checklist/checklist.field.spec.ts" name="forgeChecklistField() &gt; should create a multi-checkbox field with correct type" time="0.002948625">
        </testcase>
        <testcase classname="src/lib/forge/field/checklist/checklist.field.spec.ts" name="forgeChecklistField() &gt; should set options on the field" time="0.000952834">
        </testcase>
        <testcase classname="src/lib/forge/field/checklist/checklist.field.spec.ts" name="forgeChecklistField() &gt; should set required when specified" time="0.000228125">
        </testcase>
        <testcase classname="src/lib/forge/field/checklist/checklist.field.spec.ts" name="forgeChecklistField() &gt; should set readonly when specified" time="0.000165167">
        </testcase>
        <testcase classname="src/lib/forge/field/checklist/checklist.field.spec.ts" name="forgeChecklistField() &gt; should default value to empty array" time="0.000207458">
        </testcase>
        <testcase classname="src/lib/forge/field/checklist/checklist.field.spec.ts" name="forgeChecklistField() &gt; should use defaultValue when provided" time="0.000164584">
        </testcase>
        <testcase classname="src/lib/forge/field/checklist/checklist.field.spec.ts" name="forgeChecklistField() &gt; should map description to hint in props" time="0.000142041">
        </testcase>
        <testcase classname="src/lib/forge/field/checklist/checklist.field.spec.ts" name="forgeChecklistField() &gt; should set labelPosition in props" time="0.000157708">
        </testcase>
        <testcase classname="src/lib/forge/field/checklist/checklist.field.spec.ts" name="forgeChecklistField() &gt; should not include props when no description or labelPosition is set" time="0.000397">
        </testcase>
        <testcase classname="src/lib/forge/field/checklist/checklist.field.spec.ts" name="forgeChecklistField() &gt; should provide empty label when not specified" time="0.000484708">
        </testcase>
        <testcase classname="src/lib/forge/field/checklist/checklist.field.spec.ts" name="forgeChecklistField() &gt; should work with numeric option values" time="0.000431958">
        </testcase>
    </testsuite>
    <testsuite name="src/lib/forge/field/component/component.field.component.spec.ts" timestamp="2026-04-08T13:31:18.768Z" hostname="Michelles-MacBook-Air.local" tests="5" failures="0" errors="0" skipped="0" time="3.621141167">
        <testcase classname="src/lib/forge/field/component/component.field.component.spec.ts" name="forgeComponentField rendering &gt; should load component A on initial render" time="0.8666055">
        </testcase>
        <testcase classname="src/lib/forge/field/component/component.field.component.spec.ts" name="forgeComponentField rendering &gt; should load component B on initial render" time="0.724220042">
        </testcase>
        <testcase classname="src/lib/forge/field/component/component.field.component.spec.ts" name="forgeComponentField rendering &gt; should produce unique keys per invocation so ng-forge treats config changes as new fields" time="0.001482333">
        </testcase>
        <testcase classname="src/lib/forge/field/component/component.field.component.spec.ts" name="forgeComponentField rendering &gt; config change via fresh fixture &gt; should load B when fixture starts with B config" time="0.675998959">
        </testcase>
        <testcase classname="src/lib/forge/field/component/component.field.component.spec.ts" name="forgeComponentField rendering &gt; config change via fresh fixture &gt; should load A then B across separate fixtures" time="1.347664042">
        </testcase>
    </testsuite>
    <testsuite name="src/lib/forge/field/component/component.field.spec.ts" timestamp="2026-04-08T13:31:18.768Z" hostname="Michelles-MacBook-Air.local" tests="8" failures="0" errors="0" skipped="0" time="0.010206666">
        <testcase classname="src/lib/forge/field/component/component.field.spec.ts" name="forgeComponentField() &gt; should create a field with type dbx-component" time="0.00321325">
        </testcase>
        <testcase classname="src/lib/forge/field/component/component.field.spec.ts" name="forgeComponentField() &gt; should generate a unique key when not specified" time="0.000691708">
        </testcase>
        <testcase classname="src/lib/forge/field/component/component.field.spec.ts" name="forgeComponentField() &gt; should use provided key" time="0.000377916">
        </testcase>
        <testcase classname="src/lib/forge/field/component/component.field.spec.ts" name="forgeComponentField() &gt; should set label when specified" time="0.000535958">
        </testcase>
        <testcase classname="src/lib/forge/field/component/component.field.spec.ts" name="forgeComponentField() &gt; should default label to empty string when not specified" time="0.000405125">
        </testcase>
        <testcase classname="src/lib/forge/field/component/component.field.spec.ts" name="forgeComponentField() &gt; should pass componentField through in props" time="0.000353375">
        </testcase>
        <testcase classname="src/lib/forge/field/component/component.field.spec.ts" name="forgeComponentField() &gt; should pass providers through in componentField props" time="0.000343416">
        </testcase>
        <testcase classname="src/lib/forge/field/component/component.field.spec.ts" name="forgeComponentField() &gt; should pass different component classes" time="0.00097625">
        </testcase>
    </testsuite>
    <testsuite name="src/lib/forge/field/texteditor/texteditor.field.spec.ts" timestamp="2026-04-08T13:31:18.769Z" hostname="Michelles-MacBook-Air.local" tests="12" failures="0" errors="0" skipped="0" time="0.011420167">
        <testcase classname="src/lib/forge/field/texteditor/texteditor.field.spec.ts" name="forgeTextEditorField() &gt; should create a field with the correct type" time="0.003215041">
        </testcase>
        <testcase classname="src/lib/forge/field/texteditor/texteditor.field.spec.ts" name="forgeTextEditorField() &gt; should set the key from config" time="0.000505083">
        </testcase>
        <testcase classname="src/lib/forge/field/texteditor/texteditor.field.spec.ts" name="forgeTextEditorField() &gt; should set label when provided" time="0.000445792">
        </testcase>
        <testcase classname="src/lib/forge/field/texteditor/texteditor.field.spec.ts" name="forgeTextEditorField() &gt; should default label to empty string when not provided" time="0.0003835">
        </testcase>
        <testcase classname="src/lib/forge/field/texteditor/texteditor.field.spec.ts" name="forgeTextEditorField() &gt; should default value to empty string" time="0.000372">
        </testcase>
        <testcase classname="src/lib/forge/field/texteditor/texteditor.field.spec.ts" name="forgeTextEditorField() &gt; should set required when specified" time="0.000364542">
        </testcase>
        <testcase classname="src/lib/forge/field/texteditor/texteditor.field.spec.ts" name="forgeTextEditorField() &gt; should set readonly when specified" time="0.000355875">
        </testcase>
        <testcase classname="src/lib/forge/field/texteditor/texteditor.field.spec.ts" name="forgeTextEditorField() &gt; should map description to hint in props" time="0.000317792">
        </testcase>
        <testcase classname="src/lib/forge/field/texteditor/texteditor.field.spec.ts" name="forgeTextEditorField() &gt; should pass minLength through props" time="0.000334958">
        </testcase>
        <testcase classname="src/lib/forge/field/texteditor/texteditor.field.spec.ts" name="forgeTextEditorField() &gt; should pass maxLength through props" time="0.000421042">
        </testcase>
        <testcase classname="src/lib/forge/field/texteditor/texteditor.field.spec.ts" name="forgeTextEditorField() &gt; should set minLength on the field" time="0.000301833">
        </testcase>
        <testcase classname="src/lib/forge/field/texteditor/texteditor.field.spec.ts" name="forgeTextEditorField() &gt; should set maxLength on the field" time="0.000296542">
        </testcase>
    </testsuite>
    <testsuite name="src/lib/forge/field/selection/selection.field.spec.ts" timestamp="2026-04-08T13:31:18.769Z" hostname="Michelles-MacBook-Air.local" tests="12" failures="0" errors="0" skipped="0" time="0.008694167">
        <testcase classname="src/lib/forge/field/selection/selection.field.spec.ts" name="forgeValueSelectionField() &gt; should create a select field with correct type" time="0.003217375">
        </testcase>
        <testcase classname="src/lib/forge/field/selection/selection.field.spec.ts" name="forgeValueSelectionField() &gt; should set options on the field" time="0.000800292">
        </testcase>
        <testcase classname="src/lib/forge/field/selection/selection.field.spec.ts" name="forgeValueSelectionField() &gt; should set required when specified" time="0.000194625">
        </testcase>
        <testcase classname="src/lib/forge/field/selection/selection.field.spec.ts" name="forgeValueSelectionField() &gt; should set readonly when specified" time="0.000146166">
        </testcase>
        <testcase classname="src/lib/forge/field/selection/selection.field.spec.ts" name="forgeValueSelectionField() &gt; should set multiple flag in props" time="0.0001355">
        </testcase>
        <testcase classname="src/lib/forge/field/selection/selection.field.spec.ts" name="forgeValueSelectionField() &gt; should not include multiple in props when not specified" time="0.000282917">
        </testcase>
        <testcase classname="src/lib/forge/field/selection/selection.field.spec.ts" name="forgeValueSelectionField() &gt; should map description to hint in props" time="0.000714583">
        </testcase>
        <testcase classname="src/lib/forge/field/selection/selection.field.spec.ts" name="forgeValueSelectionField() &gt; should not include props when no description or multiple is set" time="0.00016175">
        </testcase>
        <testcase classname="src/lib/forge/field/selection/selection.field.spec.ts" name="forgeValueSelectionField() &gt; should use defaultValue when provided" time="0.000146959">
        </testcase>
        <testcase classname="src/lib/forge/field/selection/selection.field.spec.ts" name="forgeValueSelectionField() &gt; should not include value when defaultValue is not provided" time="0.000153458">
        </testcase>
        <testcase classname="src/lib/forge/field/selection/selection.field.spec.ts" name="forgeValueSelectionField() &gt; should provide empty label when not specified" time="0.000108084">
        </testcase>
        <testcase classname="src/lib/forge/field/selection/selection.field.spec.ts" name="forgeValueSelectionField() &gt; should work with numeric option values" time="0.000117708">
        </testcase>
    </testsuite>
    <testsuite name="src/lib/forge/field/wrapper/wrapper.spec.ts" timestamp="2026-04-08T13:31:18.770Z" hostname="Michelles-MacBook-Air.local" tests="91" failures="0" errors="0" skipped="0" time="0.09359325">
        <testcase classname="src/lib/forge/field/wrapper/wrapper.spec.ts" name="forgeRow() &gt; should create a row field with correct type" time="0.012584125">
        </testcase>
        <testcase classname="src/lib/forge/field/wrapper/wrapper.spec.ts" name="forgeRow() &gt; should set an auto-generated key" time="0.001902666">
        </testcase>
        <testcase classname="src/lib/forge/field/wrapper/wrapper.spec.ts" name="forgeRow() &gt; should use a custom key when provided" time="0.002615459">
        </testcase>
        <testcase classname="src/lib/forge/field/wrapper/wrapper.spec.ts" name="forgeRow() &gt; should include the provided fields" time="0.000827625">
        </testcase>
        <testcase classname="src/lib/forge/field/wrapper/wrapper.spec.ts" name="forgeRow() &gt; should set className when provided" time="0.000201959">
        </testcase>
        <testcase classname="src/lib/forge/field/wrapper/wrapper.spec.ts" name="forgeRow() &gt; should not set className when not provided" time="0.000203041">
        </testcase>
        <testcase classname="src/lib/forge/field/wrapper/wrapper.spec.ts" name="flexSizeToCol() &gt; should map size 1 to col 2" time="0.000837542">
        </testcase>
        <testcase classname="src/lib/forge/field/wrapper/wrapper.spec.ts" name="flexSizeToCol() &gt; should map size 2 to col 4" time="0.000509458">
        </testcase>
        <testcase classname="src/lib/forge/field/wrapper/wrapper.spec.ts" name="flexSizeToCol() &gt; should map size 3 to col 6" time="0.001531625">
        </testcase>
        <testcase classname="src/lib/forge/field/wrapper/wrapper.spec.ts" name="flexSizeToCol() &gt; should map size 6 to col 12" time="0.00058175">
        </testcase>
        <testcase classname="src/lib/forge/field/wrapper/wrapper.spec.ts" name="flexSizeToCol() &gt; should clamp to max col 12" time="0.000351834">
        </testcase>
        <testcase classname="src/lib/forge/field/wrapper/wrapper.spec.ts" name="flexSizeToCol() &gt; should clamp to min col 1" time="0.000298375">
        </testcase>
        <testcase classname="src/lib/forge/field/wrapper/wrapper.spec.ts" name="forgeFlexRow() &gt; should create a row field with correct type" time="0.000740667">
        </testcase>
        <testcase classname="src/lib/forge/field/wrapper/wrapper.spec.ts" name="forgeFlexRow() &gt; should apply default size 2 (col 4) to plain field defs" time="0.001006167">
        </testcase>
        <testcase classname="src/lib/forge/field/wrapper/wrapper.spec.ts" name="forgeFlexRow() &gt; should apply explicit size from field config" time="0.00025325">
        </testcase>
        <testcase classname="src/lib/forge/field/wrapper/wrapper.spec.ts" name="forgeFlexRow() &gt; should apply custom defaultSize" time="0.000283166">
        </testcase>
        <testcase classname="src/lib/forge/field/wrapper/wrapper.spec.ts" name="forgeFlexRow() &gt; should set dbx-flex-group className by default" time="0.000197375">
        </testcase>
        <testcase classname="src/lib/forge/field/wrapper/wrapper.spec.ts" name="forgeFlexRow() &gt; should use custom className when provided" time="0.000123041">
        </testcase>
        <testcase classname="src/lib/forge/field/wrapper/wrapper.spec.ts" name="forgeFlexRow() &gt; should handle mixed plain fields and field configs" time="0.000133041">
        </testcase>
        <testcase classname="src/lib/forge/field/wrapper/wrapper.spec.ts" name="forgeSectionGroup() &gt; should create a group field with correct type" time="0.000183625">
        </testcase>
        <testcase classname="src/lib/forge/field/wrapper/wrapper.spec.ts" name="forgeSectionGroup() &gt; should default key to _section_ prefix when not specified" time="0.00074625">
        </testcase>
        <testcase classname="src/lib/forge/field/wrapper/wrapper.spec.ts" name="forgeSectionGroup() &gt; should use provided key" time="0.000130167">
        </testcase>
        <testcase classname="src/lib/forge/field/wrapper/wrapper.spec.ts" name="forgeSectionGroup() &gt; should include the provided fields" time="0.000575667">
        </testcase>
        <testcase classname="src/lib/forge/field/wrapper/wrapper.spec.ts" name="forgeSectionGroup() &gt; should set className when provided" time="0.000156583">
        </testcase>
        <testcase classname="src/lib/forge/field/wrapper/wrapper.spec.ts" name="forgeSectionGroup() &gt; should not set className when not provided" time="0.0001235">
        </testcase>
        <testcase classname="src/lib/forge/field/wrapper/wrapper.spec.ts" name="forgeSectionGroup() &gt; should prepend a section header field when header is provided" time="0.001986291">
        </testcase>
        <testcase classname="src/lib/forge/field/wrapper/wrapper.spec.ts" name="forgeSectionGroup() &gt; should not prepend header when header is not provided" time="0.000357792">
        </testcase>
        <testcase classname="src/lib/forge/field/wrapper/wrapper.spec.ts" name="forgeSectionGroup() &gt; should default section header to h3" time="0.002915541">
        </testcase>
        <testcase classname="src/lib/forge/field/wrapper/wrapper.spec.ts" name="forgeSectionGroup() &gt; should pass hint and icon to the section header" time="0.001973083">
        </testcase>
        <testcase classname="src/lib/forge/field/wrapper/wrapper.spec.ts" name="forgeSectionGroup() &gt; should set logic when provided" time="0.001080709">
        </testcase>
        <testcase classname="src/lib/forge/field/wrapper/wrapper.spec.ts" name="forgeSubsectionGroup() &gt; should create a group field with correct type" time="0.000472333">
        </testcase>
        <testcase classname="src/lib/forge/field/wrapper/wrapper.spec.ts" name="forgeSubsectionGroup() &gt; should default key to _subsection_ prefix when not specified" time="0.000288917">
        </testcase>
        <testcase classname="src/lib/forge/field/wrapper/wrapper.spec.ts" name="forgeSubsectionGroup() &gt; should use provided key" time="0.000275542">
        </testcase>
        <testcase classname="src/lib/forge/field/wrapper/wrapper.spec.ts" name="forgeSubsectionGroup() &gt; should include the provided fields" time="0.000830792">
        </testcase>
        <testcase classname="src/lib/forge/field/wrapper/wrapper.spec.ts" name="forgeSubsectionGroup() &gt; should set className when provided" time="0.000572458">
        </testcase>
        <testcase classname="src/lib/forge/field/wrapper/wrapper.spec.ts" name="forgeSubsectionGroup() &gt; should not set className when not provided" time="0.001937167">
        </testcase>
        <testcase classname="src/lib/forge/field/wrapper/wrapper.spec.ts" name="forgeSubsectionGroup() &gt; should prepend a subsection header field when header is provided" time="0.001000542">
        </testcase>
        <testcase classname="src/lib/forge/field/wrapper/wrapper.spec.ts" name="forgeSubsectionGroup() &gt; should default subsection header to h4" time="0.003466667">
        </testcase>
        <testcase classname="src/lib/forge/field/wrapper/wrapper.spec.ts" name="forgeSubsectionGroup() &gt; should set logic when provided" time="0.0005565">
        </testcase>
        <testcase classname="src/lib/forge/field/wrapper/wrapper.spec.ts" name="forgeSectionHeaderField() &gt; should create a field with the correct type" time="0.000225625">
        </testcase>
        <testcase classname="src/lib/forge/field/wrapper/wrapper.spec.ts" name="forgeSectionHeaderField() &gt; should auto-generate a key" time="0.000573375">
        </testcase>
        <testcase classname="src/lib/forge/field/wrapper/wrapper.spec.ts" name="forgeSectionHeaderField() &gt; should use a custom key when provided" time="0.000318666">
        </testcase>
        <testcase classname="src/lib/forge/field/wrapper/wrapper.spec.ts" name="forgeSectionHeaderField() &gt; should pass header config through props" time="0.000370625">
        </testcase>
        <testcase classname="src/lib/forge/field/wrapper/wrapper.spec.ts" name="forgeWithClassName() &gt; should return a copy of the field with className set" time="0.000295375">
        </testcase>
        <testcase classname="src/lib/forge/field/wrapper/wrapper.spec.ts" name="forgeWithClassName() &gt; should not mutate the original field" time="0.0006055">
        </testcase>
        <testcase classname="src/lib/forge/field/wrapper/wrapper.spec.ts" name="forgeStyledGroup() &gt; should create a group with the provided className" time="0.000155834">
        </testcase>
        <testcase classname="src/lib/forge/field/wrapper/wrapper.spec.ts" name="forgeStyledGroup() &gt; should include the provided fields" time="0.00012975">
        </testcase>
        <testcase classname="src/lib/forge/field/wrapper/wrapper.spec.ts" name="forgeStyledGroup() &gt; should use provided key" time="0.000097333">
        </testcase>
        <testcase classname="src/lib/forge/field/wrapper/wrapper.spec.ts" name="forgeToggleWrapper() &gt; should create a row field" time="0.000133625">
        </testcase>
        <testcase classname="src/lib/forge/field/wrapper/wrapper.spec.ts" name="forgeToggleWrapper() &gt; should contain a toggle field and a content group" time="0.000116458">
        </testcase>
        <testcase classname="src/lib/forge/field/wrapper/wrapper.spec.ts" name="forgeToggleWrapper() &gt; should auto-generate a toggle key with _toggle_ prefix" time="0.000085542">
        </testcase>
        <testcase classname="src/lib/forge/field/wrapper/wrapper.spec.ts" name="forgeToggleWrapper() &gt; should use a custom toggle key when provided" time="0.000875417">
        </testcase>
        <testcase classname="src/lib/forge/field/wrapper/wrapper.spec.ts" name="forgeToggleWrapper() &gt; should set toggle label" time="0.000208167">
        </testcase>
        <testcase classname="src/lib/forge/field/wrapper/wrapper.spec.ts" name="forgeToggleWrapper() &gt; should default toggle value to false" time="0.000478667">
        </testcase>
        <testcase classname="src/lib/forge/field/wrapper/wrapper.spec.ts" name="forgeToggleWrapper() &gt; should set toggle value to true when defaultOpen is true" time="0.000299667">
        </testcase>
        <testcase classname="src/lib/forge/field/wrapper/wrapper.spec.ts" name="forgeToggleWrapper() &gt; should set hidden logic on the content group" time="0.000928791">
        </testcase>
        <testcase classname="src/lib/forge/field/wrapper/wrapper.spec.ts" name="forgeToggleWrapper() &gt; should set className on the outer row" time="0.001623083">
        </testcase>
        <testcase classname="src/lib/forge/field/wrapper/wrapper.spec.ts" name="forgeToggleWrapper() &gt; should use default className when not provided" time="0.000426958">
        </testcase>
        <testcase classname="src/lib/forge/field/wrapper/wrapper.spec.ts" name="forgeExpandField() &gt; should create a field with the correct type" time="0.000388666">
        </testcase>
        <testcase classname="src/lib/forge/field/wrapper/wrapper.spec.ts" name="forgeExpandField() &gt; should use the provided key" time="0.000265833">
        </testcase>
        <testcase classname="src/lib/forge/field/wrapper/wrapper.spec.ts" name="forgeExpandField() &gt; should default value to false" time="0.00191975">
        </testcase>
        <testcase classname="src/lib/forge/field/wrapper/wrapper.spec.ts" name="forgeExpandField() &gt; should set value to true when defaultOpen is true" time="0.000396458">
        </testcase>
        <testcase classname="src/lib/forge/field/wrapper/wrapper.spec.ts" name="forgeExpandField() &gt; should default buttonType to text" time="0.00027325">
        </testcase>
        <testcase classname="src/lib/forge/field/wrapper/wrapper.spec.ts" name="forgeExpandField() &gt; should use custom buttonType" time="0.00034">
        </testcase>
        <testcase classname="src/lib/forge/field/wrapper/wrapper.spec.ts" name="forgeExpandField() &gt; should set expandLabel from label" time="0.00089725">
        </testcase>
        <testcase classname="src/lib/forge/field/wrapper/wrapper.spec.ts" name="forgeExpandWrapper() &gt; should create a row field" time="0.000861417">
        </testcase>
        <testcase classname="src/lib/forge/field/wrapper/wrapper.spec.ts" name="forgeExpandWrapper() &gt; should contain an expand field and a content group" time="0.003524917">
        </testcase>
        <testcase classname="src/lib/forge/field/wrapper/wrapper.spec.ts" name="forgeExpandWrapper() &gt; should auto-generate an expand key with _expand_ prefix" time="0.00117">
        </testcase>
        <testcase classname="src/lib/forge/field/wrapper/wrapper.spec.ts" name="forgeExpandWrapper() &gt; should use a custom expand key when provided" time="0.000333333">
        </testcase>
        <testcase classname="src/lib/forge/field/wrapper/wrapper.spec.ts" name="forgeExpandWrapper() &gt; should set hidden logic on the content group" time="0.000561125">
        </testcase>
        <testcase classname="src/lib/forge/field/wrapper/wrapper.spec.ts" name="forgeExpandWrapper() &gt; should pass buttonType to expand field" time="0.000379459">
        </testcase>
        <testcase classname="src/lib/forge/field/wrapper/wrapper.spec.ts" name="forgeExpandWrapper() &gt; should use default className when not provided" time="0.000250292">
        </testcase>
        <testcase classname="src/lib/forge/field/wrapper/wrapper.spec.ts" name="forgeExpandWrapper() &gt; should use custom className when provided" time="0.000244667">
        </testcase>
        <testcase classname="src/lib/forge/field/wrapper/wrapper.spec.ts" name="forgeInfoButtonField() &gt; should create a field with the correct type" time="0.007780458">
        </testcase>
        <testcase classname="src/lib/forge/field/wrapper/wrapper.spec.ts" name="forgeInfoButtonField() &gt; should auto-generate a key" time="0.002055583">
        </testcase>
        <testcase classname="src/lib/forge/field/wrapper/wrapper.spec.ts" name="forgeInfoButtonField() &gt; should pass onInfoClick through props" time="0.000391125">
        </testcase>
        <testcase classname="src/lib/forge/field/wrapper/wrapper.spec.ts" name="forgeInfoButtonField() &gt; should pass ariaLabel through props" time="0.000702333">
        </testcase>
        <testcase classname="src/lib/forge/field/wrapper/wrapper.spec.ts" name="forgeInfoWrapper() &gt; should create a row field" time="0.0005845">
        </testcase>
        <testcase classname="src/lib/forge/field/wrapper/wrapper.spec.ts" name="forgeInfoWrapper() &gt; should contain the field and an info button" time="0.000480583">
        </testcase>
        <testcase classname="src/lib/forge/field/wrapper/wrapper.spec.ts" name="forgeInfoWrapper() &gt; should use custom col values" time="0.000501583">
        </testcase>
        <testcase classname="src/lib/forge/field/wrapper/wrapper.spec.ts" name="forgeWorkingField() &gt; should create a field with the correct type" time="0.000347333">
        </testcase>
        <testcase classname="src/lib/forge/field/wrapper/wrapper.spec.ts" name="forgeWorkingField() &gt; should auto-generate a key" time="0.000300458">
        </testcase>
        <testcase classname="src/lib/forge/field/wrapper/wrapper.spec.ts" name="forgeWorkingField() &gt; should pass watchFieldKey through props" time="0.000367834">
        </testcase>
        <testcase classname="src/lib/forge/field/wrapper/wrapper.spec.ts" name="forgeWorkingWrapper() &gt; should create a group field" time="0.000322">
        </testcase>
        <testcase classname="src/lib/forge/field/wrapper/wrapper.spec.ts" name="forgeWorkingWrapper() &gt; should contain the original field and a working indicator" time="0.000449625">
        </testcase>
        <testcase classname="src/lib/forge/field/wrapper/wrapper.spec.ts" name="forgeAutoTouchField() &gt; should create a field with the correct type" time="0.000400375">
        </testcase>
        <testcase classname="src/lib/forge/field/wrapper/wrapper.spec.ts" name="forgeAutoTouchField() &gt; should auto-generate a key" time="0.000273833">
        </testcase>
        <testcase classname="src/lib/forge/field/wrapper/wrapper.spec.ts" name="forgeAutoTouchField() &gt; should set hidden to true" time="0.000257125">
        </testcase>
        <testcase classname="src/lib/forge/field/wrapper/wrapper.spec.ts" name="forgeAutoTouchField() &gt; should pass watchFieldKey through props" time="0.000352958">
        </testcase>
        <testcase classname="src/lib/forge/field/wrapper/wrapper.spec.ts" name="forgeAutoTouchWrapper() &gt; should create a row field" time="0.000371">
        </testcase>
        <testcase classname="src/lib/forge/field/wrapper/wrapper.spec.ts" name="forgeAutoTouchWrapper() &gt; should contain the original field and an autotouch field" time="0.0006535">
        </testcase>
    </testsuite>
    <testsuite name="src/lib/forge/field/selection/list/list.field.spec.ts" timestamp="2026-04-08T13:31:18.775Z" hostname="Michelles-MacBook-Air.local" tests="14" failures="0" errors="0" skipped="0" time="0.009620125">
        <testcase classname="src/lib/forge/field/selection/list/list.field.spec.ts" name="forgeListSelectionField() &gt; should set the correct type" time="0.002902125">
        </testcase>
        <testcase classname="src/lib/forge/field/selection/list/list.field.spec.ts" name="forgeListSelectionField() &gt; should set the key" time="0.000445875">
        </testcase>
        <testcase classname="src/lib/forge/field/selection/list/list.field.spec.ts" name="forgeListSelectionField() &gt; should set the label when provided" time="0.000616667">
        </testcase>
        <testcase classname="src/lib/forge/field/selection/list/list.field.spec.ts" name="forgeListSelectionField() &gt; should default label to empty string when not provided" time="0.000231416">
        </testcase>
        <testcase classname="src/lib/forge/field/selection/list/list.field.spec.ts" name="forgeListSelectionField() &gt; should set required when provided" time="0.00022575">
        </testcase>
        <testcase classname="src/lib/forge/field/selection/list/list.field.spec.ts" name="forgeListSelectionField() &gt; should not set required when not provided" time="0.000151375">
        </testcase>
        <testcase classname="src/lib/forge/field/selection/list/list.field.spec.ts" name="forgeListSelectionField() &gt; should set readonly when provided" time="0.000146417">
        </testcase>
        <testcase classname="src/lib/forge/field/selection/list/list.field.spec.ts" name="forgeListSelectionField() &gt; should map description to props.hint" time="0.000135459">
        </testcase>
        <testcase classname="src/lib/forge/field/selection/list/list.field.spec.ts" name="forgeListSelectionField() &gt; should not set hint when description is not provided" time="0.000472">
        </testcase>
        <testcase classname="src/lib/forge/field/selection/list/list.field.spec.ts" name="forgeListSelectionField() &gt; should propagate listComponentClass through props" time="0.000629417">
        </testcase>
        <testcase classname="src/lib/forge/field/selection/list/list.field.spec.ts" name="forgeListSelectionField() &gt; should propagate readKey through props" time="0.000477917">
        </testcase>
        <testcase classname="src/lib/forge/field/selection/list/list.field.spec.ts" name="forgeListSelectionField() &gt; should propagate state$ through props" time="0.000372">
        </testcase>
        <testcase classname="src/lib/forge/field/selection/list/list.field.spec.ts" name="forgeListSelectionField() &gt; should propagate loadMore through props when provided" time="0.000378375">
        </testcase>
        <testcase classname="src/lib/forge/field/selection/list/list.field.spec.ts" name="forgeListSelectionField() &gt; should not set loadMore when not provided" time="0.000242666">
        </testcase>
    </testsuite>
    <testsuite name="src/lib/forge/field/selection/pickable/pickable.field.spec.ts" timestamp="2026-04-08T13:31:18.776Z" hostname="Michelles-MacBook-Air.local" tests="34" failures="0" errors="0" skipped="0" time="0.010608084">
        <testcase classname="src/lib/forge/field/selection/pickable/pickable.field.spec.ts" name="forgePickableChipField() &gt; should set the correct type" time="0.002606125">
        </testcase>
        <testcase classname="src/lib/forge/field/selection/pickable/pickable.field.spec.ts" name="forgePickableChipField() &gt; should set the key" time="0.000215334">
        </testcase>
        <testcase classname="src/lib/forge/field/selection/pickable/pickable.field.spec.ts" name="forgePickableChipField() &gt; should set the label when provided" time="0.000248833">
        </testcase>
        <testcase classname="src/lib/forge/field/selection/pickable/pickable.field.spec.ts" name="forgePickableChipField() &gt; should default label to empty string when not provided" time="0.000167375">
        </testcase>
        <testcase classname="src/lib/forge/field/selection/pickable/pickable.field.spec.ts" name="forgePickableChipField() &gt; should set required when provided" time="0.000219625">
        </testcase>
        <testcase classname="src/lib/forge/field/selection/pickable/pickable.field.spec.ts" name="forgePickableChipField() &gt; should not set required when not provided" time="0.000163084">
        </testcase>
        <testcase classname="src/lib/forge/field/selection/pickable/pickable.field.spec.ts" name="forgePickableChipField() &gt; should set readonly when provided" time="0.000146958">
        </testcase>
        <testcase classname="src/lib/forge/field/selection/pickable/pickable.field.spec.ts" name="forgePickableChipField() &gt; should map description to props.hint" time="0.0001475">
        </testcase>
        <testcase classname="src/lib/forge/field/selection/pickable/pickable.field.spec.ts" name="forgePickableChipField() &gt; should not set hint when description is not provided" time="0.000145208">
        </testcase>
        <testcase classname="src/lib/forge/field/selection/pickable/pickable.field.spec.ts" name="forgePickableChipField() &gt; should propagate loadValues through props" time="0.000233792">
        </testcase>
        <testcase classname="src/lib/forge/field/selection/pickable/pickable.field.spec.ts" name="forgePickableChipField() &gt; should propagate displayForValue through props" time="0.00012875">
        </testcase>
        <testcase classname="src/lib/forge/field/selection/pickable/pickable.field.spec.ts" name="forgePickableChipField() &gt; should propagate multiSelect through props when provided" time="0.000111458">
        </testcase>
        <testcase classname="src/lib/forge/field/selection/pickable/pickable.field.spec.ts" name="forgePickableChipField() &gt; should not set multiSelect when not provided" time="0.000158834">
        </testcase>
        <testcase classname="src/lib/forge/field/selection/pickable/pickable.field.spec.ts" name="forgePickableChipField() &gt; should propagate asArrayValue through props when provided" time="0.000117875">
        </testcase>
        <testcase classname="src/lib/forge/field/selection/pickable/pickable.field.spec.ts" name="forgePickableChipField() &gt; should propagate filterValues through props when provided" time="0.000107333">
        </testcase>
        <testcase classname="src/lib/forge/field/selection/pickable/pickable.field.spec.ts" name="forgePickableChipField() &gt; should propagate filterLabel through props when provided" time="0.000110042">
        </testcase>
        <testcase classname="src/lib/forge/field/selection/pickable/pickable.field.spec.ts" name="forgePickableChipField() &gt; should not set filterLabel when not provided" time="0.000166875">
        </testcase>
        <testcase classname="src/lib/forge/field/selection/pickable/pickable.field.spec.ts" name="forgePickableListField() &gt; should set the correct type" time="0.000156417">
        </testcase>
        <testcase classname="src/lib/forge/field/selection/pickable/pickable.field.spec.ts" name="forgePickableListField() &gt; should set the key" time="0.000113083">
        </testcase>
        <testcase classname="src/lib/forge/field/selection/pickable/pickable.field.spec.ts" name="forgePickableListField() &gt; should set the label when provided" time="0.000405416">
        </testcase>
        <testcase classname="src/lib/forge/field/selection/pickable/pickable.field.spec.ts" name="forgePickableListField() &gt; should default label to empty string when not provided" time="0.00048875">
        </testcase>
        <testcase classname="src/lib/forge/field/selection/pickable/pickable.field.spec.ts" name="forgePickableListField() &gt; should set required when provided" time="0.000100875">
        </testcase>
        <testcase classname="src/lib/forge/field/selection/pickable/pickable.field.spec.ts" name="forgePickableListField() &gt; should not set required when not provided" time="0.000092667">
        </testcase>
        <testcase classname="src/lib/forge/field/selection/pickable/pickable.field.spec.ts" name="forgePickableListField() &gt; should set readonly when provided" time="0.000565458">
        </testcase>
        <testcase classname="src/lib/forge/field/selection/pickable/pickable.field.spec.ts" name="forgePickableListField() &gt; should map description to props.hint" time="0.000575875">
        </testcase>
        <testcase classname="src/lib/forge/field/selection/pickable/pickable.field.spec.ts" name="forgePickableListField() &gt; should not set hint when description is not provided" time="0.000177625">
        </testcase>
        <testcase classname="src/lib/forge/field/selection/pickable/pickable.field.spec.ts" name="forgePickableListField() &gt; should propagate loadValues through props" time="0.000108583">
        </testcase>
        <testcase classname="src/lib/forge/field/selection/pickable/pickable.field.spec.ts" name="forgePickableListField() &gt; should propagate displayForValue through props" time="0.000086708">
        </testcase>
        <testcase classname="src/lib/forge/field/selection/pickable/pickable.field.spec.ts" name="forgePickableListField() &gt; should propagate multiSelect through props when provided" time="0.00038175">
        </testcase>
        <testcase classname="src/lib/forge/field/selection/pickable/pickable.field.spec.ts" name="forgePickableListField() &gt; should not set multiSelect when not provided" time="0.000177625">
        </testcase>
        <testcase classname="src/lib/forge/field/selection/pickable/pickable.field.spec.ts" name="forgePickableListField() &gt; should propagate asArrayValue through props when provided" time="0.000112">
        </testcase>
        <testcase classname="src/lib/forge/field/selection/pickable/pickable.field.spec.ts" name="forgePickableListField() &gt; should propagate filterValues through props when provided" time="0.000092084">
        </testcase>
        <testcase classname="src/lib/forge/field/selection/pickable/pickable.field.spec.ts" name="forgePickableListField() &gt; should propagate filterLabel through props when provided" time="0.000090458">
        </testcase>
        <testcase classname="src/lib/forge/field/selection/pickable/pickable.field.spec.ts" name="forgePickableListField() &gt; should not set filterLabel when not provided" time="0.000119792">
        </testcase>
    </testsuite>
    <testsuite name="src/lib/forge/field/selection/searchable/searchable.field.spec.ts" timestamp="2026-04-08T13:31:18.778Z" hostname="Michelles-MacBook-Air.local" tests="45" failures="0" errors="0" skipped="0" time="0.023453959">
        <testcase classname="src/lib/forge/field/selection/searchable/searchable.field.spec.ts" name="forgeSearchableTextField() &gt; should set the correct type" time="0.004268708">
        </testcase>
        <testcase classname="src/lib/forge/field/selection/searchable/searchable.field.spec.ts" name="forgeSearchableTextField() &gt; should set the key" time="0.000958625">
        </testcase>
        <testcase classname="src/lib/forge/field/selection/searchable/searchable.field.spec.ts" name="forgeSearchableTextField() &gt; should set the label when provided" time="0.001238292">
        </testcase>
        <testcase classname="src/lib/forge/field/selection/searchable/searchable.field.spec.ts" name="forgeSearchableTextField() &gt; should default label to empty string when not provided" time="0.0010965">
        </testcase>
        <testcase classname="src/lib/forge/field/selection/searchable/searchable.field.spec.ts" name="forgeSearchableTextField() &gt; should set required when provided" time="0.000307667">
        </testcase>
        <testcase classname="src/lib/forge/field/selection/searchable/searchable.field.spec.ts" name="forgeSearchableTextField() &gt; should not set required when not provided" time="0.000904875">
        </testcase>
        <testcase classname="src/lib/forge/field/selection/searchable/searchable.field.spec.ts" name="forgeSearchableTextField() &gt; should set readonly when provided" time="0.000338583">
        </testcase>
        <testcase classname="src/lib/forge/field/selection/searchable/searchable.field.spec.ts" name="forgeSearchableTextField() &gt; should map description to props.hint" time="0.000177542">
        </testcase>
        <testcase classname="src/lib/forge/field/selection/searchable/searchable.field.spec.ts" name="forgeSearchableTextField() &gt; should not set hint when description is not provided" time="0.000189417">
        </testcase>
        <testcase classname="src/lib/forge/field/selection/searchable/searchable.field.spec.ts" name="forgeSearchableTextField() &gt; should propagate search through props" time="0.000213416">
        </testcase>
        <testcase classname="src/lib/forge/field/selection/searchable/searchable.field.spec.ts" name="forgeSearchableTextField() &gt; should propagate displayForValue through props" time="0.0001325">
        </testcase>
        <testcase classname="src/lib/forge/field/selection/searchable/searchable.field.spec.ts" name="forgeSearchableTextField() &gt; should propagate allowStringValues through props when provided" time="0.00013">
        </testcase>
        <testcase classname="src/lib/forge/field/selection/searchable/searchable.field.spec.ts" name="forgeSearchableTextField() &gt; should not set allowStringValues when not provided" time="0.000129667">
        </testcase>
        <testcase classname="src/lib/forge/field/selection/searchable/searchable.field.spec.ts" name="forgeSearchableTextField() &gt; should propagate searchOnEmptyText through props when provided" time="0.000541958">
        </testcase>
        <testcase classname="src/lib/forge/field/selection/searchable/searchable.field.spec.ts" name="forgeSearchableTextField() &gt; should not set searchOnEmptyText when not provided" time="0.000154542">
        </testcase>
        <testcase classname="src/lib/forge/field/selection/searchable/searchable.field.spec.ts" name="forgeSearchableTextField() &gt; should propagate showClearValue through props when provided" time="0.000151791">
        </testcase>
        <testcase classname="src/lib/forge/field/selection/searchable/searchable.field.spec.ts" name="forgeSearchableTextField() &gt; should propagate searchLabel through props when provided" time="0.000236292">
        </testcase>
        <testcase classname="src/lib/forge/field/selection/searchable/searchable.field.spec.ts" name="forgeSearchableChipField() &gt; should set the correct type" time="0.000856125">
        </testcase>
        <testcase classname="src/lib/forge/field/selection/searchable/searchable.field.spec.ts" name="forgeSearchableChipField() &gt; should set the key" time="0.000357458">
        </testcase>
        <testcase classname="src/lib/forge/field/selection/searchable/searchable.field.spec.ts" name="forgeSearchableChipField() &gt; should set the label when provided" time="0.000235166">
        </testcase>
        <testcase classname="src/lib/forge/field/selection/searchable/searchable.field.spec.ts" name="forgeSearchableChipField() &gt; should default label to empty string when not provided" time="0.000210542">
        </testcase>
        <testcase classname="src/lib/forge/field/selection/searchable/searchable.field.spec.ts" name="forgeSearchableChipField() &gt; should set required when provided" time="0.000643083">
        </testcase>
        <testcase classname="src/lib/forge/field/selection/searchable/searchable.field.spec.ts" name="forgeSearchableChipField() &gt; should not set required when not provided" time="0.000468083">
        </testcase>
        <testcase classname="src/lib/forge/field/selection/searchable/searchable.field.spec.ts" name="forgeSearchableChipField() &gt; should set readonly when provided" time="0.000166958">
        </testcase>
        <testcase classname="src/lib/forge/field/selection/searchable/searchable.field.spec.ts" name="forgeSearchableChipField() &gt; should map description to props.hint" time="0.000785208">
        </testcase>
        <testcase classname="src/lib/forge/field/selection/searchable/searchable.field.spec.ts" name="forgeSearchableChipField() &gt; should not set hint when description is not provided" time="0.000142291">
        </testcase>
        <testcase classname="src/lib/forge/field/selection/searchable/searchable.field.spec.ts" name="forgeSearchableChipField() &gt; should propagate search through props" time="0.000127625">
        </testcase>
        <testcase classname="src/lib/forge/field/selection/searchable/searchable.field.spec.ts" name="forgeSearchableChipField() &gt; should propagate displayForValue through props" time="0.000101458">
        </testcase>
        <testcase classname="src/lib/forge/field/selection/searchable/searchable.field.spec.ts" name="forgeSearchableChipField() &gt; should propagate allowStringValues through props when provided" time="0.0001345">
        </testcase>
        <testcase classname="src/lib/forge/field/selection/searchable/searchable.field.spec.ts" name="forgeSearchableChipField() &gt; should not set allowStringValues when not provided" time="0.000168666">
        </testcase>
        <testcase classname="src/lib/forge/field/selection/searchable/searchable.field.spec.ts" name="forgeSearchableChipField() &gt; should propagate searchOnEmptyText through props when provided" time="0.000161917">
        </testcase>
        <testcase classname="src/lib/forge/field/selection/searchable/searchable.field.spec.ts" name="forgeSearchableChipField() &gt; should not set searchOnEmptyText when not provided" time="0.000122666">
        </testcase>
        <testcase classname="src/lib/forge/field/selection/searchable/searchable.field.spec.ts" name="forgeSearchableChipField() &gt; should propagate multiSelect through props when provided" time="0.000111791">
        </testcase>
        <testcase classname="src/lib/forge/field/selection/searchable/searchable.field.spec.ts" name="forgeSearchableChipField() &gt; should not set multiSelect when not provided" time="0.00014475">
        </testcase>
        <testcase classname="src/lib/forge/field/selection/searchable/searchable.field.spec.ts" name="forgeSearchableChipField() &gt; should propagate asArrayValue through props when provided" time="0.000110791">
        </testcase>
        <testcase classname="src/lib/forge/field/selection/searchable/searchable.field.spec.ts" name="forgeSearchableStringChipField() &gt; should set the correct type" time="0.000128417">
        </testcase>
        <testcase classname="src/lib/forge/field/selection/searchable/searchable.field.spec.ts" name="forgeSearchableStringChipField() &gt; should set the key" time="0.000109833">
        </testcase>
        <testcase classname="src/lib/forge/field/selection/searchable/searchable.field.spec.ts" name="forgeSearchableStringChipField() &gt; should set the label when provided" time="0.000109958">
        </testcase>
        <testcase classname="src/lib/forge/field/selection/searchable/searchable.field.spec.ts" name="forgeSearchableStringChipField() &gt; should default label to empty string when not provided" time="0.000122708">
        </testcase>
        <testcase classname="src/lib/forge/field/selection/searchable/searchable.field.spec.ts" name="forgeSearchableStringChipField() &gt; should always set allowStringValues to true" time="0.000170125">
        </testcase>
        <testcase classname="src/lib/forge/field/selection/searchable/searchable.field.spec.ts" name="forgeSearchableStringChipField() &gt; should set required when provided" time="0.000448959">
        </testcase>
        <testcase classname="src/lib/forge/field/selection/searchable/searchable.field.spec.ts" name="forgeSearchableStringChipField() &gt; should map description to props.hint" time="0.0007775">
        </testcase>
        <testcase classname="src/lib/forge/field/selection/searchable/searchable.field.spec.ts" name="forgeSearchableStringChipField() &gt; should propagate search through props" time="0.001151417">
        </testcase>
        <testcase classname="src/lib/forge/field/selection/searchable/searchable.field.spec.ts" name="forgeSearchableStringChipField() &gt; should propagate displayForValue through props" time="0.000541583">
        </testcase>
        <testcase classname="src/lib/forge/field/selection/searchable/searchable.field.spec.ts" name="forgeSearchableStringChipField() &gt; should propagate searchOnEmptyText through props when provided" time="0.000747333">
        </testcase>
    </testsuite>
    <testsuite name="src/lib/forge/field/selection/sourceselect/sourceselect.field.spec.ts" timestamp="2026-04-08T13:31:18.780Z" hostname="Michelles-MacBook-Air.local" tests="16" failures="0" errors="0" skipped="0" time="0.007562333">
        <testcase classname="src/lib/forge/field/selection/sourceselect/sourceselect.field.spec.ts" name="forgeSourceSelectField() &gt; should set the correct type" time="0.00348775">
        </testcase>
        <testcase classname="src/lib/forge/field/selection/sourceselect/sourceselect.field.spec.ts" name="forgeSourceSelectField() &gt; should set the key" time="0.000222333">
        </testcase>
        <testcase classname="src/lib/forge/field/selection/sourceselect/sourceselect.field.spec.ts" name="forgeSourceSelectField() &gt; should set the label when provided" time="0.000190208">
        </testcase>
        <testcase classname="src/lib/forge/field/selection/sourceselect/sourceselect.field.spec.ts" name="forgeSourceSelectField() &gt; should default label to empty string when not provided" time="0.000143792">
        </testcase>
        <testcase classname="src/lib/forge/field/selection/sourceselect/sourceselect.field.spec.ts" name="forgeSourceSelectField() &gt; should set required when provided" time="0.000138625">
        </testcase>
        <testcase classname="src/lib/forge/field/selection/sourceselect/sourceselect.field.spec.ts" name="forgeSourceSelectField() &gt; should not set required when not provided" time="0.000135291">
        </testcase>
        <testcase classname="src/lib/forge/field/selection/sourceselect/sourceselect.field.spec.ts" name="forgeSourceSelectField() &gt; should set readonly when provided" time="0.000120792">
        </testcase>
        <testcase classname="src/lib/forge/field/selection/sourceselect/sourceselect.field.spec.ts" name="forgeSourceSelectField() &gt; should map description to props.hint" time="0.00011875">
        </testcase>
        <testcase classname="src/lib/forge/field/selection/sourceselect/sourceselect.field.spec.ts" name="forgeSourceSelectField() &gt; should not set hint when description is not provided" time="0.000158208">
        </testcase>
        <testcase classname="src/lib/forge/field/selection/sourceselect/sourceselect.field.spec.ts" name="forgeSourceSelectField() &gt; should propagate valueReader through props" time="0.000152417">
        </testcase>
        <testcase classname="src/lib/forge/field/selection/sourceselect/sourceselect.field.spec.ts" name="forgeSourceSelectField() &gt; should propagate metaLoader through props" time="0.001096417">
        </testcase>
        <testcase classname="src/lib/forge/field/selection/sourceselect/sourceselect.field.spec.ts" name="forgeSourceSelectField() &gt; should propagate displayForValue through props" time="0.000122459">
        </testcase>
        <testcase classname="src/lib/forge/field/selection/sourceselect/sourceselect.field.spec.ts" name="forgeSourceSelectField() &gt; should propagate multiple through props when provided" time="0.000113416">
        </testcase>
        <testcase classname="src/lib/forge/field/selection/sourceselect/sourceselect.field.spec.ts" name="forgeSourceSelectField() &gt; should not set multiple when not provided" time="0.000094292">
        </testcase>
        <testcase classname="src/lib/forge/field/selection/sourceselect/sourceselect.field.spec.ts" name="forgeSourceSelectField() &gt; should propagate filterable through props when provided" time="0.000101291">
        </testcase>
        <testcase classname="src/lib/forge/field/selection/sourceselect/sourceselect.field.spec.ts" name="forgeSourceSelectField() &gt; should propagate openSource through props when provided" time="0.000101208">
        </testcase>
    </testsuite>
    <testsuite name="src/lib/forge/field/value/array/array.field.component.spec.ts" timestamp="2026-04-08T13:31:18.781Z" hostname="Michelles-MacBook-Air.local" tests="23" failures="0" errors="0" skipped="0" time="1.011253666">
        <testcase classname="src/lib/forge/field/value/array/array.field.component.spec.ts" name="ForgeArrayFieldComponent &gt; addItem() &gt; should add an item with empty value" time="0.134371458">
        </testcase>
        <testcase classname="src/lib/forge/field/value/array/array.field.component.spec.ts" name="ForgeArrayFieldComponent &gt; addItem() &gt; should sync to field tree after adding" time="0.023884917">
        </testcase>
        <testcase classname="src/lib/forge/field/value/array/array.field.component.spec.ts" name="ForgeArrayFieldComponent &gt; addItem() &gt; should add multiple items with unique trackIds" time="0.027527667">
        </testcase>
        <testcase classname="src/lib/forge/field/value/array/array.field.component.spec.ts" name="ForgeArrayFieldComponent &gt; removeItem() &gt; should remove item at the given index" time="0.016922208">
        </testcase>
        <testcase classname="src/lib/forge/field/value/array/array.field.component.spec.ts" name="ForgeArrayFieldComponent &gt; removeItem() &gt; should sync to field tree after removing" time="0.0202105">
        </testcase>
        <testcase classname="src/lib/forge/field/value/array/array.field.component.spec.ts" name="ForgeArrayFieldComponent &gt; duplicateItem() &gt; should insert duplicate after the source by default" time="0.017129958">
        </testcase>
        <testcase classname="src/lib/forge/field/value/array/array.field.component.spec.ts" name="ForgeArrayFieldComponent &gt; duplicateItem() &gt; should add duplicate to end when addDuplicateToEnd is true" time="0.015445292">
        </testcase>
        <testcase classname="src/lib/forge/field/value/array/array.field.component.spec.ts" name="ForgeArrayFieldComponent &gt; duplicateItem() &gt; should do nothing for invalid index" time="0.024014625">
        </testcase>
        <testcase classname="src/lib/forge/field/value/array/array.field.component.spec.ts" name="ForgeArrayFieldComponent &gt; drop() &gt; should reorder items when dropped at a new position" time="0.026706208">
        </testcase>
        <testcase classname="src/lib/forge/field/value/array/array.field.component.spec.ts" name="ForgeArrayFieldComponent &gt; drop() &gt; should sync to field tree after drop" time="0.010369959">
        </testcase>
        <testcase classname="src/lib/forge/field/value/array/array.field.component.spec.ts" name="ForgeArrayFieldComponent &gt; drop() &gt; should handle drop to same position" time="0.015409458">
        </testcase>
        <testcase classname="src/lib/forge/field/value/array/array.field.component.spec.ts" name="ForgeArrayFieldComponent &gt; drop() &gt; should move last item to first position" time="0.012174">
        </testcase>
        <testcase classname="src/lib/forge/field/value/array/array.field.component.spec.ts" name="ForgeArrayFieldComponent &gt; onItemValueChange() &gt; should update the item value at the given index" time="0.006746334">
        </testcase>
        <testcase classname="src/lib/forge/field/value/array/array.field.component.spec.ts" name="ForgeArrayFieldComponent &gt; onItemValueChange() &gt; should preserve trackId when updating value" time="0.0107645">
        </testcase>
[...]
        </testcase>
    </testsuite>
    <testsuite name="src/lib/forge/field/value/date/datetime.field.spec.ts" timestamp="2026-04-08T13:31:18.793Z" hostname="Michelles-MacBook-Air.local" tests="29" failures="0" errors="0" skipped="0" time="0.016846125">
        <testcase classname="src/lib/forge/field/value/date/datetime.field.spec.ts" name="forgeDateField() &gt; should create a datepicker field with correct type" time="0.005094083">
        </testcase>
        <testcase classname="src/lib/forge/field/value/date/datetime.field.spec.ts" name="forgeDateField() &gt; should set required when specified" time="0.000254542">
        </testcase>
        <testcase classname="src/lib/forge/field/value/date/datetime.field.spec.ts" name="forgeDateField() &gt; should set readonly when specified" time="0.000193375">
        </testcase>
        <testcase classname="src/lib/forge/field/value/date/datetime.field.spec.ts" name="forgeDateField() &gt; should set minDate when specified" time="0.000457083">
        </testcase>
        <testcase classname="src/lib/forge/field/value/date/datetime.field.spec.ts" name="forgeDateField() &gt; should set maxDate when specified" time="0.0002215">
        </testcase>
        <testcase classname="src/lib/forge/field/value/date/datetime.field.spec.ts" name="forgeDateField() &gt; should accept string minDate and maxDate" time="0.00017375">
        </testcase>
        <testcase classname="src/lib/forge/field/value/date/datetime.field.spec.ts" name="forgeDateField() &gt; should set startAt when specified" time="0.000147875">
        </testcase>
        <testcase classname="src/lib/forge/field/value/date/datetime.field.spec.ts" name="forgeDateField() &gt; should map description to hint in props" time="0.000132125">
        </testcase>
        <testcase classname="src/lib/forge/field/value/date/datetime.field.spec.ts" name="forgeDateField() &gt; should not include props when no description is provided" time="0.000769167">
        </testcase>
        <testcase classname="src/lib/forge/field/value/date/datetime.field.spec.ts" name="forgeDateField() &gt; should provide empty label when not specified" time="0.000487208">
        </testcase>
        <testcase classname="src/lib/forge/field/value/date/datetime.field.spec.ts" name="forgeDateTimeField() &gt; should create a datetime field with correct type" time="0.000275583">
        </testcase>
        <testcase classname="src/lib/forge/field/value/date/datetime.field.spec.ts" name="forgeDateTimeField() &gt; should set required when specified" time="0.000201791">
        </testcase>
        <testcase classname="src/lib/forge/field/value/date/datetime.field.spec.ts" name="forgeDateTimeField() &gt; should set readonly when specified" time="0.00020525">
        </testcase>
        <testcase classname="src/lib/forge/field/value/date/datetime.field.spec.ts" name="forgeDateTimeField() &gt; should map description to hint in props" time="0.00040075">
        </testcase>
        <testcase classname="src/lib/forge/field/value/date/datetime.field.spec.ts" name="forgeDateTimeField() &gt; should set timeMode in props" time="0.000743834">
        </testcase>
        <testcase classname="src/lib/forge/field/value/date/datetime.field.spec.ts" name="forgeDateTimeField() &gt; should set valueMode in props" time="0.000177125">
        </testcase>
        <testcase classname="src/lib/forge/field/value/date/datetime.field.spec.ts" name="forgeDateTimeField() &gt; should set timezone in props" time="0.000397875">
        </testcase>
        <testcase classname="src/lib/forge/field/value/date/datetime.field.spec.ts" name="forgeDateTimeField() &gt; should set custom labels in props" time="0.000893041">
        </testcase>
        <testcase classname="src/lib/forge/field/value/date/datetime.field.spec.ts" name="forgeDateTimeField() &gt; should set pickerConfig in props" time="0.000545084">
        </testcase>
        <testcase classname="src/lib/forge/field/value/date/datetime.field.spec.ts" name="forgeDateTimeField() &gt; should set fullDayFieldName in props" time="0.000664042">
        </testcase>
        <testcase classname="src/lib/forge/field/value/date/datetime.field.spec.ts" name="forgeDateTimeField() &gt; should set getSyncFieldsObs in props" time="0.000818333">
        </testcase>
        <testcase classname="src/lib/forge/field/value/date/datetime.field.spec.ts" name="forgeDateTimeField() &gt; should map showTime=false to timeMode=none for backward compatibility" time="0.000240166">
        </testcase>
        <testcase classname="src/lib/forge/field/value/date/datetime.field.spec.ts" name="forgeDateTimeField() &gt; should not override explicit timeMode with showTime" time="0.000185333">
        </testcase>
        <testcase classname="src/lib/forge/field/value/date/datetime.field.spec.ts" name="forgeDateTimeField() &gt; should set minuteStep in props" time="0.00048375">
        </testcase>
        <testcase classname="src/lib/forge/field/value/date/datetime.field.spec.ts" name="forgeDateTimeField() &gt; should set autofillDateWhenTimeIsPicked in props" time="0.000147875">
        </testcase>
        <testcase classname="src/lib/forge/field/value/date/datetime.field.spec.ts" name="forgeDateTimeField() &gt; should provide empty label when not specified" time="0.000112625">
        </testcase>
        <testcase classname="src/lib/forge/field/value/date/datetime.field.spec.ts" name="forgeDateRangeField() &gt; should create a date range field with correct key" time="0.000150292">
        </testcase>
        <testcase classname="src/lib/forge/field/value/date/datetime.field.spec.ts" name="forgeDateTimeRangeField() &gt; should create a date time range field with correct key" time="0.00011425">
        </testcase>
        <testcase classname="src/lib/forge/field/value/date/datetime.field.spec.ts" name="forgeFixedDateRangeField() &gt; should create a fixed date range field with correct key" time="0.000125208">
        </testcase>
    </testsuite>
    <testsuite name="src/lib/forge/field/value/phone/phone.field.spec.ts" timestamp="2026-04-08T13:31:18.794Z" hostname="Michelles-MacBook-Air.local" tests="39" failures="0" errors="0" skipped="0" time="0.021522333">
        <testcase classname="src/lib/forge/field/value/phone/phone.field.spec.ts" name="forgePhoneField() &gt; should create a field with type phone" time="0.002903125">
        </testcase>
        <testcase classname="src/lib/forge/field/value/phone/phone.field.spec.ts" name="forgePhoneField() &gt; should set the key from config" time="0.000632625">
        </testcase>
        <testcase classname="src/lib/forge/field/value/phone/phone.field.spec.ts" name="forgePhoneField() &gt; should default label to Phone Number" time="0.000853708">
        </testcase>
        <testcase classname="src/lib/forge/field/value/phone/phone.field.spec.ts" name="forgePhoneField() &gt; should use a custom label when provided" time="0.000864209">
        </testcase>
        <testcase classname="src/lib/forge/field/value/phone/phone.field.spec.ts" name="forgePhoneField() &gt; should default value to empty string" time="0.000513">
        </testcase>
        <testcase classname="src/lib/forge/field/value/phone/phone.field.spec.ts" name="forgePhoneField() &gt; should use a custom defaultValue when provided" time="0.000422958">
        </testcase>
        <testcase classname="src/lib/forge/field/value/phone/phone.field.spec.ts" name="forgePhoneField() &gt; should set required when provided" time="0.0027325">
        </testcase>
        <testcase classname="src/lib/forge/field/value/phone/phone.field.spec.ts" name="forgePhoneField() &gt; should set readonly when provided" time="0.000211084">
        </testcase>
        <testcase classname="src/lib/forge/field/value/phone/phone.field.spec.ts" name="forgePhoneField() &gt; should not set props when no phone-specific config is provided" time="0.00037725">
        </testcase>
        <testcase classname="src/lib/forge/field/value/phone/phone.field.spec.ts" name="forgePhoneField() &gt; should set preferredCountries in props" time="0.001498958">
        </testcase>
        <testcase classname="src/lib/forge/field/value/phone/phone.field.spec.ts" name="forgePhoneField() &gt; should set onlyCountries in props" time="0.000185333">
        </testcase>
        <testcase classname="src/lib/forge/field/value/phone/phone.field.spec.ts" name="forgePhoneField() &gt; should set enableSearch in props" time="0.000143334">
        </testcase>
        <testcase classname="src/lib/forge/field/value/phone/phone.field.spec.ts" name="forgePhoneField() &gt; should set allowExtension in props" time="0.000151709">
        </testcase>
        <testcase classname="src/lib/forge/field/value/phone/phone.field.spec.ts" name="forgePhoneField() &gt; should set description as hint in props" time="0.000128417">
        </testcase>
        <testcase classname="src/lib/forge/field/value/phone/phone.field.spec.ts" name="forgePhoneField() &gt; should combine multiple props" time="0.000185625">
        </testcase>
        <testcase classname="src/lib/forge/field/value/phone/phone.field.spec.ts" name="forgeWrappedPhoneAndLabelField() &gt; should create a row field" time="0.001355875">
        </testcase>
        <testcase classname="src/lib/forge/field/value/phone/phone.field.spec.ts" name="forgeWrappedPhoneAndLabelField() &gt; should contain two child fields" time="0.00065375">
        </testcase>
        <testcase classname="src/lib/forge/field/value/phone/phone.field.spec.ts" name="forgeWrappedPhoneAndLabelField() &gt; should have a phone field as the first child with col 8" time="0.0007825">
        </testcase>
        <testcase classname="src/lib/forge/field/value/phone/phone.field.spec.ts" name="forgeWrappedPhoneAndLabelField() &gt; should have a label text field as the second child with col 4" time="0.000634083">
        </testcase>
        <testcase classname="src/lib/forge/field/value/phone/phone.field.spec.ts" name="forgeWrappedPhoneAndLabelField() &gt; should propagate phoneField config" time="0.000190709">
        </testcase>
        <testcase classname="src/lib/forge/field/value/phone/phone.field.spec.ts" name="forgeWrappedPhoneAndLabelField() &gt; should use custom label field key" time="0.000147167">
        </testcase>
        <testcase classname="src/lib/forge/field/value/phone/phone.field.spec.ts" name="forgeWrappedPhoneAndLabelField() &gt; should use custom label field label" time="0.000129167">
        </testcase>
        <testcase classname="src/lib/forge/field/value/phone/phone.field.spec.ts" name="forgePhoneAndLabelSectionField() &gt; should create a group field" time="0.000193166">
        </testcase>
        <testcase classname="src/lib/forge/field/value/phone/phone.field.spec.ts" name="forgePhoneAndLabelSectionField() &gt; should default key to _section_ prefix when not specified" time="0.000125458">
        </testcase>
        <testcase classname="src/lib/forge/field/value/phone/phone.field.spec.ts" name="forgePhoneAndLabelSectionField() &gt; should use provided key" time="0.000138542">
        </testcase>
        <testcase classname="src/lib/forge/field/value/phone/phone.field.spec.ts" name="forgePhoneAndLabelSectionField() &gt; should contain one child field which is a row" time="0.000178709">
        </testcase>
        <testcase classname="src/lib/forge/field/value/phone/phone.field.spec.ts" name="forgePhoneAndLabelSectionField() &gt; should propagate phoneField config to the inner row" time="0.00012675">
        </testcase>
        <testcase classname="src/lib/forge/field/value/phone/phone.field.spec.ts" name="forgePhoneAndLabelSectionField() &gt; should propagate labelField config to the inner row" time="0.000114333">
        </testcase>
        <testcase classname="src/lib/forge/field/value/phone/phone.field.spec.ts" name="forgePhoneListField() &gt; should create a drag array field" time="0.000806208">
        </testcase>
        <testcase classname="src/lib/forge/field/value/phone/phone.field.spec.ts" name="forgePhoneListField() &gt; should default key to phones" time="0.000738875">
        </testcase>
        <testcase classname="src/lib/forge/field/value/phone/phone.field.spec.ts" name="forgePhoneListField() &gt; should use a custom key when provided" time="0.00013575">
        </testcase>
        <testcase classname="src/lib/forge/field/value/phone/phone.field.spec.ts" name="forgePhoneListField() &gt; should have a default template with phone and label fields" time="0.000205583">
        </testcase>
        <testcase classname="src/lib/forge/field/value/phone/phone.field.spec.ts" name="forgePhoneListField() &gt; should use a custom template when provided" time="0.000138959">
        </testcase>
        <testcase classname="src/lib/forge/field/value/phone/phone.field.spec.ts" name="forgePhoneListField() &gt; should default addText to Add Phone Number" time="0.000121583">
        </testcase>
        <testcase classname="src/lib/forge/field/value/phone/phone.field.spec.ts" name="forgePhoneListField() &gt; should default removeText to Remove Phone Number" time="0.000108958">
        </testcase>
        <testcase classname="src/lib/forge/field/value/phone/phone.field.spec.ts" name="forgePhoneListField() &gt; should use custom addText" time="0.000110042">
        </testcase>
        <testcase classname="src/lib/forge/field/value/phone/phone.field.spec.ts" name="forgePhoneListField() &gt; should use custom removeText" time="0.000118166">
        </testcase>
        <testcase classname="src/lib/forge/field/value/phone/phone.field.spec.ts" name="forgePhoneListField() &gt; should set minLength when provided" time="0.000126375">
        </testcase>
        <testcase classname="src/lib/forge/field/value/phone/phone.field.spec.ts" name="forgePhoneListField() &gt; should set maxLength when provided" time="0.000111167">
        </testcase>
    </testsuite>
    <testsuite name="src/lib/forge/field/value/text/text.field.spec.ts" timestamp="2026-04-08T13:31:18.796Z" hostname="Michelles-MacBook-Air.local" tests="28" failures="0" errors="0" skipped="0" time="0.015492917">
        <testcase classname="src/lib/forge/field/value/text/text.field.spec.ts" name="forgeTextField() &gt; should create an input field with correct type" time="0.001367916">
        </testcase>
        <testcase classname="src/lib/forge/field/value/text/text.field.spec.ts" name="forgeTextField() &gt; should set required when specified" time="0.000227375">
        </testcase>
        <testcase classname="src/lib/forge/field/value/text/text.field.spec.ts" name="forgeTextField() &gt; should not include required when not specified" time="0.000213458">
        </testcase>
        <testcase classname="src/lib/forge/field/value/text/text.field.spec.ts" name="forgeTextField() &gt; should set readonly when specified" time="0.000174709">
        </testcase>
        <testcase classname="src/lib/forge/field/value/text/text.field.spec.ts" name="forgeTextField() &gt; should set minLength and maxLength" time="0.0002045">
        </testcase>
        <testcase classname="src/lib/forge/field/value/text/text.field.spec.ts" name="forgeTextField() &gt; should set pattern from string" time="0.000153">
        </testcase>
        <testcase classname="src/lib/forge/field/value/text/text.field.spec.ts" name="forgeTextField() &gt; should set pattern from RegExp" time="0.000142">
        </testcase>
        <testcase classname="src/lib/forge/field/value/text/text.field.spec.ts" name="forgeTextField() &gt; should not include pattern when not specified" time="0.000144167">
        </testcase>
        <testcase classname="src/lib/forge/field/value/text/text.field.spec.ts" name="forgeTextField() &gt; should set inputType in props" time="0.0001515">
        </testcase>
        <testcase classname="src/lib/forge/field/value/text/text.field.spec.ts" name="forgeTextField() &gt; should default inputType to text" time="0.000175042">
        </testcase>
        <testcase classname="src/lib/forge/field/value/text/text.field.spec.ts" name="forgeTextField() &gt; should map description to hint in props" time="0.000141375">
        </testcase>
        <testcase classname="src/lib/forge/field/value/text/text.field.spec.ts" name="forgeTextField() &gt; should set placeholder on field" time="0.000298917">
        </testcase>
        <testcase classname="src/lib/forge/field/value/text/text.field.spec.ts" name="forgeTextField() &gt; should provide empty string as default value" time="0.001115625">
        </testcase>
        <testcase classname="src/lib/forge/field/value/text/text.field.spec.ts" name="forgeTextField() &gt; should use defaultValue when provided" time="0.000310875">
        </testcase>
        <testcase classname="src/lib/forge/field/value/text/text.field.spec.ts" name="forgeTextField() &gt; should provide empty label when not specified" time="0.00035875">
        </testcase>
        <testcase classname="src/lib/forge/field/value/text/text.field.spec.ts" name="forgeTextAreaField() &gt; should create a textarea field with correct type" time="0.000701667">
        </testcase>
        <testcase classname="src/lib/forge/field/value/text/text.field.spec.ts" name="forgeTextAreaField() &gt; should set required when specified" time="0.000940917">
        </testcase>
        <testcase classname="src/lib/forge/field/value/text/text.field.spec.ts" name="forgeTextAreaField() &gt; should set readonly when specified" time="0.00091075">
        </testcase>
        <testcase classname="src/lib/forge/field/value/text/text.field.spec.ts" name="forgeTextAreaField() &gt; should default rows to 3 in props" time="0.000468542">
        </testcase>
        <testcase classname="src/lib/forge/field/value/text/text.field.spec.ts" name="forgeTextAreaField() &gt; should set custom rows in props" time="0.001210125">
        </testcase>
        <testcase classname="src/lib/forge/field/value/text/text.field.spec.ts" name="forgeTextAreaField() &gt; should set minLength and maxLength" time="0.000371042">
        </testcase>
        <testcase classname="src/lib/forge/field/value/text/text.field.spec.ts" name="forgeTextAreaField() &gt; should set pattern from string" time="0.00050175">
        </testcase>
        <testcase classname="src/lib/forge/field/value/text/text.field.spec.ts" name="forgeTextAreaField() &gt; should set pattern from RegExp" time="0.000467458">
        </testcase>
        <testcase classname="src/lib/forge/field/value/text/text.field.spec.ts" name="forgeTextAreaField() &gt; should map description to hint in props" time="0.000502375">
        </testcase>
        <testcase classname="src/lib/forge/field/value/text/text.field.spec.ts" name="forgeTextAreaField() &gt; should set placeholder on field" time="0.000748917">
        </testcase>
        <testcase classname="src/lib/forge/field/value/text/text.field.spec.ts" name="forgeTextAreaField() &gt; should provide empty string as default value" time="0.000812417">
        </testcase>
        <testcase classname="src/lib/forge/field/value/text/text.field.spec.ts" name="forgeTextAreaField() &gt; should use defaultValue when provided" time="0.000566584">
        </testcase>
        <testcase classname="src/lib/forge/field/value/text/text.field.spec.ts" name="forgeTextAreaField() &gt; should provide empty label when not specified" time="0.000349083">
        </testcase>
    </testsuite>
    <testsuite name="src/lib/formly/field/value/date/datetime.field.component.spec.ts" timestamp="2026-04-08T13:31:18.797Z" hostname="Michelles-MacBook-Air.local" tests="1" failures="0" errors="0" skipped="0" time="0.439009292">
        <testcase classname="src/lib/formly/field/value/date/datetime.field.component.spec.ts" name="DbxDateTimeFieldComponent &gt; time only mode &gt; set time &gt; should have set the time properly." time="0.437640875">
        </testcase>
    </testsuite>
</testsuites>
