<?xml version="1.0" encoding="UTF-8" ?>
<testsuites name="vitest tests" tests="1025" failures="4" errors="0" time="11.836822289">
    <testsuite name="src/config/config-schema.spec.ts" timestamp="2026-05-08T21:10:59.637Z" hostname="dbMBP.local" tests="11" failures="0" errors="0" skipped="0" time="0.003405708">
        <testcase classname="src/config/config-schema.spec.ts" name="DbxMcpConfig schema &gt; accepts a minimal valid config" time="0.00094275">
        </testcase>
        <testcase classname="src/config/config-schema.spec.ts" name="DbxMcpConfig schema &gt; accepts a config with empty semanticTypes.sources" time="0.000146709">
        </testcase>
        <testcase classname="src/config/config-schema.spec.ts" name="DbxMcpConfig schema &gt; accepts a config with multiple sources" time="0.000086833">
        </testcase>
        <testcase classname="src/config/config-schema.spec.ts" name="DbxMcpConfig schema &gt; rejects a config with version: 2" time="0.000412">
        </testcase>
        <testcase classname="src/config/config-schema.spec.ts" name="DbxMcpConfig schema &gt; rejects a config missing version" time="0.000153875">
        </testcase>
        <testcase classname="src/config/config-schema.spec.ts" name="DbxMcpConfig schema &gt; rejects non-string entries in sources" time="0.000125459">
        </testcase>
        <testcase classname="src/config/config-schema.spec.ts" name="DbxMcpConfig schema &gt; accepts a modelValidate block with both fields" time="0.000104583">
        </testcase>
        <testcase classname="src/config/config-schema.spec.ts" name="DbxMcpConfig schema &gt; rejects modelValidate.maxFieldNameLength below 1" time="0.000136333">
        </testcase>
        <testcase classname="src/config/config-schema.spec.ts" name="DbxMcpConfig schema &gt; accepts a per-cluster scan[] entry — semantic-types shape" time="0.000150916">
        </testcase>
        <testcase classname="src/config/config-schema.spec.ts" name="DbxMcpConfig schema &gt; accepts a per-cluster scan[] entry — cluster-with-section shape" time="0.000107875">
        </testcase>
        <testcase classname="src/config/config-schema.spec.ts" name="DbxMcpConfig schema &gt; rejects a scan entry missing required `out`" time="0.00020125">
        </testcase>
    </testsuite>
    <testsuite name="src/config/load-config.spec.ts" timestamp="2026-05-08T21:10:59.639Z" hostname="dbMBP.local" tests="5" failures="0" errors="0" skipped="0" time="0.003324125">
        <testcase classname="src/config/load-config.spec.ts" name="findAndLoadConfig &gt; returns null config and no warnings when the file is absent" time="0.001243542">
        </testcase>
        <testcase classname="src/config/load-config.spec.ts" name="findAndLoadConfig &gt; returns parsed config when the file is present and valid" time="0.000434917">
        </testcase>
        <testcase classname="src/config/load-config.spec.ts" name="findAndLoadConfig &gt; returns null config plus a config-parse-failed warning on bad JSON" time="0.000155166">
        </testcase>
        <testcase classname="src/config/load-config.spec.ts" name="findAndLoadConfig &gt; returns null config plus a config-schema-failed warning on schema violation" time="0.000563">
        </testcase>
        <testcase classname="src/config/load-config.spec.ts" name="findAndLoadConfig &gt; does not walk upward — a deep cwd without a config file returns null" time="0.000131334">
        </testcase>
    </testsuite>
    <testsuite name="src/manifest/bundled-manifests.spec.ts" timestamp="2026-05-08T21:10:59.639Z" hostname="dbMBP.local" tests="3" failures="0" errors="0" skipped="0" time="0.052585625">
        <testcase classname="src/manifest/bundled-manifests.spec.ts" name="bundled @dereekb/* manifests &gt; loads cleanly through loadSemanticTypeManifests as strict bundled sources" time="0.015032083">
        </testcase>
        <testcase classname="src/manifest/bundled-manifests.spec.ts" name="bundled @dereekb/* manifests &gt; loads bundled token manifests cleanly through loadTokenManifests" time="0.021837125">
        </testcase>
        <testcase classname="src/manifest/bundled-manifests.spec.ts" name="bundled @dereekb/* manifests &gt; loads bundled css-utility manifest cleanly through loadCssUtilityManifests" time="0.014923291">
        </testcase>
    </testsuite>
    <testsuite name="src/manifest/core-topics.spec.ts" timestamp="2026-05-08T21:10:59.640Z" hostname="dbMBP.local" tests="5" failures="0" errors="0" skipped="0" time="0.002866083">
        <testcase classname="src/manifest/core-topics.spec.ts" name="core-topics vocabulary &gt; is non-empty" time="0.000799708">
        </testcase>
        <testcase classname="src/manifest/core-topics.spec.ts" name="core-topics vocabulary &gt; contains only lowercase entries with no whitespace and no `:` separator" time="0.000905833">
        </testcase>
        <testcase classname="src/manifest/core-topics.spec.ts" name="core-topics vocabulary &gt; has no duplicate entries" time="0.000195291">
        </testcase>
        <testcase classname="src/manifest/core-topics.spec.ts" name="core-topics vocabulary &gt; exposes a Set with one entry per CORE_TOPICS member" time="0.000061334">
        </testcase>
        <testcase classname="src/manifest/core-topics.spec.ts" name="core-topics vocabulary &gt; isCoreTopic returns true for every CORE_TOPICS member and false otherwise" time="0.000202709">
        </testcase>
    </testsuite>
    <testsuite name="src/manifest/load-auth-registry.spec.ts" timestamp="2026-05-08T21:10:59.640Z" hostname="dbMBP.local" tests="5" failures="0" errors="0" skipped="0" time="0.204530542">
        <testcase classname="src/manifest/load-auth-registry.spec.ts" name="loadAuthRegistry &gt; extracts a downstream claims module via extraFiles + injected reader" time="0.03133275">
        </testcase>
        <testcase classname="src/manifest/load-auth-registry.spec.ts" name="loadAuthRegistry &gt; returns the bundled built-ins when no claims files are discovered" time="0.005784">
        </testcase>
        <testcase classname="src/manifest/load-auth-registry.spec.ts" name="loadAuthRegistry &gt; records read-failed warnings when a discovered file is unreadable" time="0.006431875">
        </testcase>
        <testcase classname="src/manifest/load-auth-registry.spec.ts" name="loadAuthRegistry &gt; extracts the workspace demo claims module and matches the hand-curated WORKSPACE constants" time="0.155333667">
        </testcase>
        <testcase classname="src/manifest/load-auth-registry.spec.ts" name="loadAuthRegistry &gt; skips files without auth markers without warning" time="0.002974292">
        </testcase>
    </testsuite>
    <testsuite name="src/manifest/load-registry.spec.ts" timestamp="2026-05-08T21:10:59.641Z" hostname="dbMBP.local" tests="6" failures="0" errors="0" skipped="0" time="0.0080945">
        <testcase classname="src/manifest/load-registry.spec.ts" name="loadSemanticTypeRegistry &gt; returns an empty registry when no bundled paths and no config exist" time="0.004105667">
        </testcase>
        <testcase classname="src/manifest/load-registry.spec.ts" name="loadSemanticTypeRegistry &gt; loads bundled manifests as strict sources" time="0.000598875">
        </testcase>
        <testcase classname="src/manifest/load-registry.spec.ts" name="loadSemanticTypeRegistry &gt; throws when a bundled manifest is malformed (strict source)" time="0.000779958">
        </testcase>
        <testcase classname="src/manifest/load-registry.spec.ts" name="loadSemanticTypeRegistry &gt; resolves external manifest paths from dbx-mcp.config.json relative to the config dir" time="0.000369625">
        </testcase>
        <testcase classname="src/manifest/load-registry.spec.ts" name="loadSemanticTypeRegistry &gt; warns-and-skips when an external manifest is missing (non-strict)" time="0.000502292">
        </testcase>
        <testcase classname="src/manifest/load-registry.spec.ts" name="loadSemanticTypeRegistry &gt; returns an empty registry plus config warning when dbx-mcp.config.json is malformed" time="0.000171875">
        </testcase>
    </testsuite>
    <testsuite name="src/manifest/load-tokens-registry.spec.ts" timestamp="2026-05-08T21:10:59.641Z" hostname="dbMBP.local" tests="2" failures="0" errors="0" skipped="0" time="0.010405625">
        <testcase classname="src/manifest/load-tokens-registry.spec.ts" name="loadTokenRegistry &gt; loads bundled manifests via the injected factory and reads no config" time="0.001489417">
        </testcase>
        <testcase classname="src/manifest/load-tokens-registry.spec.ts" name="loadTokenRegistry &gt; honors tokens.scan[].out paths from dbx-mcp.config.json" time="0.008112584">
        </testcase>
    </testsuite>
    <testsuite name="src/manifest/loader.spec.ts" timestamp="2026-05-08T21:10:59.641Z" hostname="dbMBP.local" tests="19" failures="0" errors="0" skipped="0" time="0.024298166">
        <testcase classname="src/manifest/loader.spec.ts" name="loadSemanticTypeManifests – single manifest &gt; returns entries and topic index from a single valid manifest" time="0.002767208">
        </testcase>
        <testcase classname="src/manifest/loader.spec.ts" name="loadSemanticTypeManifests – single manifest &gt; sorts topic-index buckets alphabetically by entry key" time="0.01034875">
        </testcase>
        <testcase classname="src/manifest/loader.spec.ts" name="loadSemanticTypeManifests – merging &gt; merges entries from two manifests and lists both sources" time="0.000315917">
        </testcase>
        <testcase classname="src/manifest/loader.spec.ts" name="loadSemanticTypeManifests – merging &gt; reports entry-collision when two manifests share a (package, name); last loaded wins" time="0.000219833">
        </testcase>
        <testcase classname="src/manifest/loader.spec.ts" name="loadSemanticTypeManifests – merging &gt; drops the second manifest when two share a source label and emits source-label-collision" time="0.000213583">
        </testcase>
        <testcase classname="src/manifest/loader.spec.ts" name="loadSemanticTypeManifests – topic validation &gt; drops unknown bare topics, emits topic-unknown-core, keeps entry" time="0.000175959">
        </testcase>
        <testcase classname="src/manifest/loader.spec.ts" name="loadSemanticTypeManifests – topic validation &gt; drops mismatched namespaced topics, emits topic-namespace-mismatch, keeps entry" time="0.000202958">
        </testcase>
        <testcase classname="src/manifest/loader.spec.ts" name="loadSemanticTypeManifests – topic validation &gt; keeps namespaced topics whose prefix matches the manifest topicNamespace" time="0.000185125">
        </testcase>
        <testcase classname="src/manifest/loader.spec.ts" name="loadSemanticTypeManifests – strict failures throw &gt; throws when a strict source is missing" time="0.001482667">
        </testcase>
        <testcase classname="src/manifest/loader.spec.ts" name="loadSemanticTypeManifests – strict failures throw &gt; throws when a strict source has malformed JSON" time="0.000218583">
        </testcase>
        <testcase classname="src/manifest/loader.spec.ts" name="loadSemanticTypeManifests – strict failures throw &gt; throws when a strict source has an unsupported version" time="0.000139459">
        </testcase>
        <testcase classname="src/manifest/loader.spec.ts" name="loadSemanticTypeManifests – strict failures throw &gt; throws when a strict source fails schema validation" time="0.001796666">
        </testcase>
        <testcase classname="src/manifest/loader.spec.ts" name="loadSemanticTypeManifests – strict failures throw &gt; throws when an external source is explicitly marked strict" time="0.000214708">
        </testcase>
        <testcase classname="src/manifest/loader.spec.ts" name="loadSemanticTypeManifests – non-strict failures warn &gt; emits manifest-missing for a missing external source and continues with the rest" time="0.000283792">
        </testcase>
        <testcase classname="src/manifest/loader.spec.ts" name="loadSemanticTypeManifests – non-strict failures warn &gt; emits manifest-parse-failed for malformed external JSON" time="0.000108083">
        </testcase>
        <testcase classname="src/manifest/loader.spec.ts" name="loadSemanticTypeManifests – non-strict failures warn &gt; emits manifest-version-unsupported for non-strict version mismatch" time="0.000103083">
        </testcase>
        <testcase classname="src/manifest/loader.spec.ts" name="loadSemanticTypeManifests – non-strict failures warn &gt; emits manifest-schema-failed for non-strict schema mismatch" time="0.00023675">
        </testcase>
        <testcase classname="src/manifest/loader.spec.ts" name="loadSemanticTypeManifests – zero-success &gt; throws when every source fails, even non-strict ones" time="0.000130542">
        </testcase>
        <testcase classname="src/manifest/loader.spec.ts" name="loadSemanticTypeManifests – warning ordering &gt; returns warnings in deterministic order regardless of source order" time="0.001415584">
        </testcase>
    </testsuite>
    <testsuite name="src/manifest/semantic-types-schema.spec.ts" timestamp="2026-05-08T21:10:59.642Z" hostname="dbMBP.local" tests="13" failures="0" errors="0" skipped="0" time="0.004390708">
        <testcase classname="src/manifest/semantic-types-schema.spec.ts" name="SemanticTypeEntry schema &gt; accepts a minimal valid entry with only required fields" time="0.00104275">
        </testcase>
        <testcase classname="src/manifest/semantic-types-schema.spec.ts" name="SemanticTypeEntry schema &gt; accepts an entry with every optional field populated" time="0.000220167">
        </testcase>
        <testcase classname="src/manifest/semantic-types-schema.spec.ts" name="SemanticTypeEntry schema &gt; rejects an entry with no topics field" time="0.000516875">
        </testcase>
        <testcase classname="src/manifest/semantic-types-schema.spec.ts" name="SemanticTypeEntry schema &gt; rejects an entry with an empty topics array" time="0.000140667">
        </testcase>
        <testcase classname="src/manifest/semantic-types-schema.spec.ts" name="SemanticTypeEntry schema &gt; rejects an entry with an unknown kind" time="0.000173583">
        </testcase>
        <testcase classname="src/manifest/semantic-types-schema.spec.ts" name="SemanticTypeEntry schema &gt; rejects an entry with an unknown baseType" time="0.000096167">
        </testcase>
        <testcase classname="src/manifest/semantic-types-schema.spec.ts" name="SemanticTypeEntry schema &gt; accepts deprecated as boolean true" time="0.000073667">
        </testcase>
        <testcase classname="src/manifest/semantic-types-schema.spec.ts" name="SemanticTypeEntry schema &gt; accepts deprecated as a reason string" time="0.000069292">
        </testcase>
        <testcase classname="src/manifest/semantic-types-schema.spec.ts" name="SemanticTypeManifest schema &gt; accepts a minimal valid manifest" time="0.000289542">
        </testcase>
        <testcase classname="src/manifest/semantic-types-schema.spec.ts" name="SemanticTypeManifest schema &gt; rejects a manifest with version: 2" time="0.000454333">
        </testcase>
        <testcase classname="src/manifest/semantic-types-schema.spec.ts" name="SemanticTypeManifest schema &gt; rejects a manifest missing source" time="0.000112167">
        </testcase>
        <testcase classname="src/manifest/semantic-types-schema.spec.ts" name="SemanticTypeManifest schema &gt; rejects a manifest missing topicNamespace" time="0.0000955">
        </testcase>
        <testcase classname="src/manifest/semantic-types-schema.spec.ts" name="SemanticTypeManifest schema &gt; rejects a manifest whose entries contain an invalid entry" time="0.00010175">
        </testcase>
    </testsuite>
    <testsuite name="src/manifest/tokens-loader.spec.ts" timestamp="2026-05-08T21:10:59.643Z" hostname="dbMBP.local" tests="3" failures="0" errors="0" skipped="0" time="0.00327575">
        <testcase classname="src/manifest/tokens-loader.spec.ts" name="loadTokenManifests &gt; loads a single bundled manifest" time="0.00158275">
        </testcase>
        <testcase classname="src/manifest/tokens-loader.spec.ts" name="loadTokenManifests &gt; warns and skips a non-strict external manifest with bad JSON" time="0.000210708">
        </testcase>
        <testcase classname="src/manifest/tokens-loader.spec.ts" name="loadTokenManifests &gt; throws when a strict source fails" time="0.0007135">
        </testcase>
    </testsuite>
    <testsuite name="src/manifest/ui-components-loader.spec.ts" timestamp="2026-05-08T21:10:59.643Z" hostname="dbMBP.local" tests="5" failures="0" errors="0" skipped="0" time="0.007052458">
        <testcase classname="src/manifest/ui-components-loader.spec.ts" name="loadUiComponentManifests &gt; loads a single bundled manifest" time="0.001735083">
        </testcase>
        <testcase classname="src/manifest/ui-components-loader.spec.ts" name="loadUiComponentManifests &gt; warns and skips a non-strict external manifest with bad JSON" time="0.000210084">
        </testcase>
        <testcase classname="src/manifest/ui-components-loader.spec.ts" name="loadUiComponentManifests &gt; throws when a strict source fails" time="0.000743875">
        </testcase>
        <testcase classname="src/manifest/ui-components-loader.spec.ts" name="loadUiComponentManifests &gt; throws when zero manifests load successfully" time="0.00015075">
        </testcase>
        <testcase classname="src/manifest/ui-components-loader.spec.ts" name="loadUiComponentManifests &gt; detects entry collisions when two sources declare the same module::slug" time="0.000162917">
        </testcase>
    </testsuite>
    <testsuite name="src/registry/css-utilities-runtime.spec.ts" timestamp="2026-05-08T21:10:59.644Z" hostname="dbMBP.local" tests="16" failures="0" errors="0" skipped="0" time="0.0135025">
        <testcase classname="src/registry/css-utilities-runtime.spec.ts" name="parseDeclarations &gt; parses semi-colon separated declarations into a property→value map" time="0.001923875">
        </testcase>
        <testcase classname="src/registry/css-utilities-runtime.spec.ts" name="parseDeclarations &gt; lowercases property names and collapses whitespace in values" time="0.000134041">
        </testcase>
        <testcase classname="src/registry/css-utilities-runtime.spec.ts" name="createCssUtilityRegistryFromEntries &gt; looks up entries by selector and slug" time="0.00796475">
        </testcase>
        <testcase classname="src/registry/css-utilities-runtime.spec.ts" name="createCssUtilityRegistryFromEntries &gt; returns dbx-flex-fill-0 as the top match for &quot;flex: 1; min-width: 0;&quot;" time="0.000377875">
        </testcase>
        <testcase classname="src/registry/css-utilities-runtime.spec.ts" name="createCssUtilityRegistryFromEntries &gt; returns dbx-flex-bar as a strong candidate for the bar pattern" time="0.000141917">
        </testcase>
        <testcase classname="src/registry/css-utilities-runtime.spec.ts" name="createCssUtilityRegistryFromEntries &gt; finds candidates by intent substring" time="0.000171208">
        </testcase>
        <testcase classname="src/registry/css-utilities-runtime.spec.ts" name="createCssUtilityRegistryFromEntries &gt; returns empty array when raw declarations are empty" time="0.000338625">
        </testcase>
        <testcase classname="src/registry/css-utilities-runtime.spec.ts" name="createCssUtilityRegistryFromEntries — parent grouping &gt; builds a byParent index keyed by parent slug" time="0.000144584">
        </testcase>
        <testcase classname="src/registry/css-utilities-runtime.spec.ts" name="createCssUtilityRegistryFromEntries — parent grouping &gt; findChildrenOf returns children sorted by slug" time="0.000107917">
        </testcase>
        <testcase classname="src/registry/css-utilities-runtime.spec.ts" name="createCssUtilityRegistryFromEntries — parent grouping &gt; findChildrenOf returns empty for an unknown parent" time="0.000107125">
        </testcase>
        <testcase classname="src/registry/css-utilities-runtime.spec.ts" name="createCssUtilityRegistryFromEntries — parent grouping &gt; findByIntent excludes children by default" time="0.000091834">
        </testcase>
        <testcase classname="src/registry/css-utilities-runtime.spec.ts" name="createCssUtilityRegistryFromEntries — parent grouping &gt; findByIntent re-includes children when includeChildren is true" time="0.000102625">
        </testcase>
        <testcase classname="src/registry/css-utilities-runtime.spec.ts" name="createCssUtilityRegistryFromEntries — parent grouping &gt; findByIntent scoped to parent returns only that parent&apos;s children" time="0.000108834">
        </testcase>
        <testcase classname="src/registry/css-utilities-runtime.spec.ts" name="createCssUtilityRegistryFromEntries — parent grouping &gt; searchByDeclarations excludes children by default" time="0.000078291">
        </testcase>
        <testcase classname="src/registry/css-utilities-runtime.spec.ts" name="createCssUtilityRegistryFromEntries — parent grouping &gt; searchByDeclarations scoped to a parent returns only that parent&apos;s children" time="0.000731459">
        </testcase>
        <testcase classname="src/registry/css-utilities-runtime.spec.ts" name="createCssUtilityRegistryFromEntries — parent grouping &gt; findByName resolves a child entry directly" time="0.000074042">
        </testcase>
    </testsuite>
    <testsuite name="src/registry/downstream-models-runtime.spec.ts" timestamp="2026-05-08T21:10:59.645Z" hostname="dbMBP.local" tests="5" failures="0" errors="0" skipped="0" time="0.304158916">
        <testcase classname="src/registry/downstream-models-runtime.spec.ts" name="getDownstreamCatalog (cache + extraction) &gt; returns demo-firebase models when run against the workspace root" time="0.148871958">
        </testcase>
        <testcase classname="src/registry/downstream-models-runtime.spec.ts" name="getDownstreamCatalog (cache + extraction) &gt; caches by (workspaceRoot, componentDirs) — same key returns the same promise" time="0.000432667">
        </testcase>
        <testcase classname="src/registry/downstream-models-runtime.spec.ts" name="getDownstreamCatalog (cache + extraction) &gt; different componentDirs override → different cache entry" time="0.087325125">
        </testcase>
        <testcase classname="src/registry/downstream-models-runtime.spec.ts" name="getDownstreamCatalog (cache + extraction) &gt; records errors when a package contains malformed source — no throw" time="0.062579791">
        </testcase>
        <testcase classname="src/registry/downstream-models-runtime.spec.ts" name="getDownstreamCatalog (cache + extraction) &gt; returns an empty catalog when nothing is discoverable" time="0.00414775">
        </testcase>
    </testsuite>
    <testsuite name="src/registry/firebase-models.spec.ts" timestamp="2026-05-08T21:10:59.645Z" hostname="dbMBP.local" tests="20" failures="1" errors="0" skipped="0" time="0.012134917">
        <testcase classname="src/registry/firebase-models.spec.ts" name="firebase-models registry &gt; exposes a non-empty list including the core library models" time="0.001039">
        </testcase>
        <testcase classname="src/registry/firebase-models.spec.ts" name="firebase-models registry &gt; gives every entry a unique name, identityConst, and collection prefix" time="0.0005385">
        </testcase>
        <testcase classname="src/registry/firebase-models.spec.ts" name="firebase-models registry &gt; populates converter + field list for every model" time="0.001912292">
        </testcase>
        <testcase classname="src/registry/firebase-models.spec.ts" name="firebase-models registry &gt; resolves each enum reference to a real enum declaration on the same model" time="0.000205708">
        </testcase>
        <testcase classname="src/registry/firebase-models.spec.ts" name="firebase-models registry &gt; records parent identity for subcollections and roots have none" time="0.000101916">
        </testcase>
        <testcase classname="src/registry/firebase-models.spec.ts" name="firebase-models registry &gt; records a collectionKind for every model that matches its parent-identity variant" time="0.000263833">
        </testcase>
        <testcase classname="src/registry/firebase-models.spec.ts" name="firebase-models registry &gt; PRIMARY index: getFirebaseModelByPrefix resolves StorageFile via &quot;sf&quot;" time="0.000129459">
        </testcase>
        <testcase classname="src/registry/firebase-models.spec.ts" name="firebase-models registry &gt; getFirebaseModel resolves by name, identityConst, and modelType" time="0.0001335">
        </testcase>
        <testcase classname="src/registry/firebase-models.spec.ts" name="firebase-models registry &gt; getFirebaseSubcollectionsOf returns NotificationBox children" time="0.000372375">
        </testcase>
        <testcase classname="src/registry/firebase-models.spec.ts" name="firebase-models registry &gt; prefix catalog is sorted and unique" time="0.000739833">
        </testcase>
        <testcase classname="src/registry/firebase-models.spec.ts" name="firebase-models registry &gt; every field carries a long camelCase name from @dbxModelVariable" time="0.001228834">
        </testcase>
        <testcase classname="src/registry/firebase-models.spec.ts" name="firebase-models registry &gt; every model resolves to a known @dbxModelGroup container" time="0.000207375">
        </testcase>
        <testcase classname="src/registry/firebase-models.spec.ts" name="firebase-models registry &gt; exposes the expected core model groups" time="0.000097958">
        </testcase>
        <testcase classname="src/registry/firebase-models.spec.ts" name="firebase-models registry &gt; every group also tracks the container class name" time="0.000062209">
        </testcase>
        <testcase classname="src/registry/firebase-models.spec.ts" name="firebase-models registry &gt; getFirebaseModelGroup resolves by group name (case-insensitive)" time="0.003554667">
            <failure message="expected [ &apos;Notification&apos;, …(7) ] to deeply equal [ &apos;Notification&apos;, …(4) ]" type="AssertionError">
AssertionError: expected [ &apos;Notification&apos;, …(7) ] to deeply equal [ &apos;Notification&apos;, …(4) ]

- Expected
+ Received

  [
    &quot;Notification&quot;,
    &quot;NotificationBox&quot;,
+   &quot;NotificationLoggedEventDay&quot;,
+   &quot;NotificationLoggedEventDayPage&quot;,
+   &quot;NotificationLoggedEventDayPagedItems&quot;,
    &quot;NotificationSummary&quot;,
    &quot;NotificationUser&quot;,
    &quot;NotificationWeek&quot;,
  ]

 ❯ src/registry/firebase-models.spec.ts:137:31
            </failure>
        </testcase>
        <testcase classname="src/registry/firebase-models.spec.ts" name="firebase-models registry &gt; every group references at least one registered model" time="0.000173542">
        </testcase>
        <testcase classname="src/registry/firebase-models.spec.ts" name="firebase-models registry &gt; flags NotificationUser as both UserRelatedById and UserRelated" time="0.000062667">
        </testcase>
        <testcase classname="src/registry/firebase-models.spec.ts" name="firebase-models registry &gt; does not flag non-user-keyed root models" time="0.0000605">
        </testcase>
        <testcase classname="src/registry/firebase-models.spec.ts" name="firebase-models registry &gt; getFirebaseUserKeyedByIdModels returns NotificationUser" time="0.000250708">
        </testcase>
        <testcase classname="src/registry/firebase-models.spec.ts" name="firebase-models registry &gt; getFirebaseUserRelatedModels returns NotificationUser" time="0.000093333">
        </testcase>
    </testsuite>
    <testsuite name="src/registry/form-fields.spec.ts" timestamp="2026-05-08T21:10:59.647Z" hostname="dbMBP.local" tests="4" failures="0" errors="0" skipped="0" time="0.004719792">
        <testcase classname="src/registry/form-fields.spec.ts" name="FORM_FIELDS legacy data integrity &gt; exposes a non-empty list whose entries each carry a known tier" time="0.001661292">
        </testcase>
        <testcase classname="src/registry/form-fields.spec.ts" name="FORM_FIELDS legacy data integrity &gt; FORM_TIER_ORDER advertises all 5 canonical tiers" time="0.000378">
        </testcase>
        <testcase classname="src/registry/form-fields.spec.ts" name="FORM_FIELDS legacy data integrity &gt; gives every entry a unique slug" time="0.000774667">
        </testcase>
        <testcase classname="src/registry/form-fields.spec.ts" name="FORM_FIELDS legacy data integrity &gt; gives every entry a produces value + arrayOutput in the known set" time="0.001170417">
        </testcase>
    </testsuite>
    <testsuite name="src/registry/semantic-types.spec.ts" timestamp="2026-05-08T21:10:59.647Z" hostname="dbMBP.local" tests="7" failures="0" errors="0" skipped="0" time="0.011414958">
        <testcase classname="src/registry/semantic-types.spec.ts" name="createSemanticTypeRegistryFromEntries &gt; sorts entries alphabetically by name" time="0.008915708">
        </testcase>
        <testcase classname="src/registry/semantic-types.spec.ts" name="createSemanticTypeRegistryFromEntries &gt; exposes distinct topics, packages, and baseTypes sorted" time="0.00023225">
        </testcase>
        <testcase classname="src/registry/semantic-types.spec.ts" name="createSemanticTypeRegistryFromEntries &gt; findByName returns every entry with the given name across packages" time="0.000563708">
        </testcase>
        <testcase classname="src/registry/semantic-types.spec.ts" name="createSemanticTypeRegistryFromEntries &gt; findByTopic returns every entry tagged with the topic" time="0.000173">
        </testcase>
        <testcase classname="src/registry/semantic-types.spec.ts" name="createSemanticTypeRegistryFromEntries &gt; findByQuery does case-insensitive substring search across name + module + definition" time="0.000220917">
        </testcase>
        <testcase classname="src/registry/semantic-types.spec.ts" name="createSemanticTypeRegistryFromEntries &gt; findByPackage and findByBaseType return exact-match buckets" time="0.000160084">
        </testcase>
        <testcase classname="src/registry/semantic-types.spec.ts" name="EMPTY_SEMANTIC_TYPE_REGISTRY &gt; returns empty arrays for every accessor" time="0.000232333">
        </testcase>
    </testsuite>
    <testsuite name="src/scan/auth-extract.spec.ts" timestamp="2026-05-08T21:10:59.648Z" hostname="dbMBP.local" tests="6" failures="0" errors="0" skipped="0" time="0.02994275">
        <testcase classname="src/scan/auth-extract.spec.ts" name="extractAuthEntries &gt; extracts apps and claims from a tagged type alias + service" time="0.012532125">
        </testcase>
        <testcase classname="src/scan/auth-extract.spec.ts" name="extractAuthEntries &gt; marks function-reference values as customEncodeDecode" time="0.001597416">
        </testcase>
        <testcase classname="src/scan/auth-extract.spec.ts" name="extractAuthEntries &gt; captures inverseRoles via inverse mapping form" time="0.002325041">
        </testcase>
        <testcase classname="src/scan/auth-extract.spec.ts" name="extractAuthEntries &gt; records inheritance from intersected interface names" time="0.001222375">
        </testcase>
        <testcase classname="src/scan/auth-extract.spec.ts" name="extractAuthEntries &gt; emits warnings for missing service slug and unknown role consts" time="0.00965925">
        </testcase>
        <testcase classname="src/scan/auth-extract.spec.ts" name="extractAuthEntries &gt; does not extract from interfaces lacking the app marker" time="0.001735958">
        </testcase>
    </testsuite>
    <testsuite name="src/scan/build-manifest.spec.ts" timestamp="2026-05-08T21:10:59.648Z" hostname="dbMBP.local" tests="9" failures="0" errors="0" skipped="0" time="0.377064166">
        <testcase classname="src/scan/build-manifest.spec.ts" name="buildManifest — config and package resolution &gt; returns no-config when dbx-mcp.scan.json is missing" time="0.000993666">
        </testcase>
        <testcase classname="src/scan/build-manifest.spec.ts" name="buildManifest — config and package resolution &gt; returns invalid-scan-config when the config is malformed JSON" time="0.0001635">
        </testcase>
        <testcase classname="src/scan/build-manifest.spec.ts" name="buildManifest — config and package resolution &gt; returns invalid-scan-config when the config fails schema validation" time="0.00140025">
        </testcase>
        <testcase classname="src/scan/build-manifest.spec.ts" name="buildManifest — config and package resolution &gt; returns no-package when package.json is missing" time="0.000230916">
        </testcase>
        <testcase classname="src/scan/build-manifest.spec.ts" name="buildManifest — config and package resolution &gt; returns invalid-package when the package.json has no name" time="0.000113875">
        </testcase>
        <testcase classname="src/scan/build-manifest.spec.ts" name="buildManifest — successful builds &gt; produces a valid manifest with a single tagged entry" time="0.180678834">
        </testcase>
        <testcase classname="src/scan/build-manifest.spec.ts" name="buildManifest — successful builds &gt; returns a manifest with no entries when no source file is tagged" time="0.090867042">
        </testcase>
        <testcase classname="src/scan/build-manifest.spec.ts" name="buildManifest — successful builds &gt; respects a custom `out` path from the scan config" time="0.000427667">
        </testcase>
        <testcase classname="src/scan/build-manifest.spec.ts" name="buildManifest — successful builds &gt; produces deterministic JSON via serializeManifest" time="0.101163625">
        </testcase>
    </testsuite>
    <testsuite name="src/scan/cli.spec.ts" timestamp="2026-05-08T21:10:59.649Z" hostname="dbMBP.local" tests="8" failures="0" errors="0" skipped="0" time="0.565764917">
        <testcase classname="src/scan/cli.spec.ts" name="runScanCli — usage and parsing &gt; exits 2 when --project is missing" time="0.001034708">
        </testcase>
        <testcase classname="src/scan/cli.spec.ts" name="runScanCli — usage and parsing &gt; exits 2 with a usage message when an unknown flag is supplied" time="0.000156833">
        </testcase>
        <testcase classname="src/scan/cli.spec.ts" name="runScanCli — usage and parsing &gt; exits 0 when --help is supplied" time="0.0001185">
        </testcase>
        <testcase classname="src/scan/cli.spec.ts" name="runScanCli — write mode &gt; writes the manifest to the resolved out path on success" time="0.174862334">
        </testcase>
        <testcase classname="src/scan/cli.spec.ts" name="runScanCli — write mode &gt; emits an error and exits 1 when the scan config is missing" time="0.000247417">
        </testcase>
        <testcase classname="src/scan/cli.spec.ts" name="runScanCli — check mode &gt; exits 0 when the on-disk manifest matches a fresh scan" time="0.214723833">
        </testcase>
        <testcase classname="src/scan/cli.spec.ts" name="runScanCli — check mode &gt; exits 1 when the on-disk manifest differs from a fresh scan" time="0.09485175">
        </testcase>
        <testcase classname="src/scan/cli.spec.ts" name="runScanCli — check mode &gt; exits 1 in check mode when the on-disk manifest is absent" time="0.078578292">
        </testcase>
    </testsuite>
    <testsuite name="src/scan/css-utilities-extract.spec.ts" timestamp="2026-05-08T21:10:59.649Z" hostname="dbMBP.local" tests="19" failures="0" errors="0" skipped="0" time="0.012848">
        <testcase classname="src/scan/css-utilities-extract.spec.ts" name="extractCssUtilityEntries &gt; extracts a single annotated utility class" time="0.001851459">
        </testcase>
        <testcase classname="src/scan/css-utilities-extract.spec.ts" name="extractCssUtilityEntries &gt; skips unannotated rules (curation gate)" time="0.0001465">
        </testcase>
        <testcase classname="src/scan/css-utilities-extract.spec.ts" name="extractCssUtilityEntries &gt; picks the .dbx-* canonical selector from a comma list" time="0.000222916">
        </testcase>
        <testcase classname="src/scan/css-utilities-extract.spec.ts" name="extractCssUtilityEntries &gt; warns on unknown roles" time="0.000405917">
        </testcase>
        <testcase classname="src/scan/css-utilities-extract.spec.ts" name="extractCssUtilityEntries &gt; skips nested rules when collecting declarations" time="0.000157791">
        </testcase>
        <testcase classname="src/scan/css-utilities-extract.spec.ts" name="extractCssUtilityEntries &gt; parses @parent into the entry" time="0.000154875">
        </testcase>
        <testcase classname="src/scan/css-utilities-extract.spec.ts" name="extractCssUtilityEntries &gt; strips a leading dot from @parent" time="0.000110125">
        </testcase>
        <testcase classname="src/scan/css-utilities-extract.spec.ts" name="extractCssUtilityEntries &gt; omits parent when no @parent annotation is present" time="0.000092833">
        </testcase>
        <testcase classname="src/scan/css-utilities-extract.spec.ts" name="extractCssUtilityEntries &gt; captures a compound descendant selector with the first class as the host" time="0.000189292">
        </testcase>
        <testcase classname="src/scan/css-utilities-extract.spec.ts" name="extractCssUtilityEntries &gt; omits selectorContext for flat single-class selectors" time="0.000108834">
        </testcase>
        <testcase classname="src/scan/css-utilities-extract.spec.ts" name="extractCssUtilityEntries &gt; parses @component and @scope into the entry" time="0.000114166">
        </testcase>
        <testcase classname="src/scan/css-utilities-extract.spec.ts" name="extractCssUtilityEntries &gt; omits component and scope when the annotations are absent" time="0.000064125">
        </testcase>
        <testcase classname="src/scan/css-utilities-extract.spec.ts" name="extractCssUtilityEntries &gt; warns on unknown @scope values without dropping the entry" time="0.000114292">
        </testcase>
        <testcase classname="src/scan/css-utilities-extract.spec.ts" name="extractCssUtilityEntries &gt; captures tokensSet from --custom-property declarations" time="0.007689375">
        </testcase>
        <testcase classname="src/scan/css-utilities-extract.spec.ts" name="extractCssUtilityEntries &gt; captures tokensRead from var() references in declaration values" time="0.000141375">
        </testcase>
        <testcase classname="src/scan/css-utilities-extract.spec.ts" name="extractCssUtilityEntries &gt; captures tokensRead from var() references inside nested rules" time="0.000079458">
        </testcase>
        <testcase classname="src/scan/css-utilities-extract.spec.ts" name="extractCssUtilityEntries &gt; captures tokensRead from nested var() fallbacks" time="0.000055916">
        </testcase>
        <testcase classname="src/scan/css-utilities-extract.spec.ts" name="extractCssUtilityEntries &gt; omits tokensRead/tokensSet when the rule references no custom properties" time="0.0000575">
        </testcase>
        <testcase classname="src/scan/css-utilities-extract.spec.ts" name="extractCssUtilityEntries &gt; rejects compound hosts (`.foo.bar …`) as unsupported" time="0.0001375">
        </testcase>
    </testsuite>
    <testsuite name="src/scan/discover-downstream-packages.spec.ts" timestamp="2026-05-08T21:10:59.650Z" hostname="dbMBP.local" tests="10" failures="0" errors="0" skipped="0" time="0.098717792">
        <testcase classname="src/scan/discover-downstream-packages.spec.ts" name="discoverDownstreamPackages &gt; returns an empty array when no packages exist" time="0.00594575">
        </testcase>
        <testcase classname="src/scan/discover-downstream-packages.spec.ts" name="discoverDownstreamPackages &gt; discovers components/*-firebase|shared|web|core" time="0.045920375">
        </testcase>
        <testcase classname="src/scan/discover-downstream-packages.spec.ts" name="discoverDownstreamPackages &gt; skips apps/* without dbx-mcp.scan.json" time="0.003830375">
        </testcase>
        <testcase classname="src/scan/discover-downstream-packages.spec.ts" name="discoverDownstreamPackages &gt; includes apps/* when dbx-mcp.scan.json is present" time="0.004769125">
        </testcase>
        <testcase classname="src/scan/discover-downstream-packages.spec.ts" name="discoverDownstreamPackages &gt; detects candidate clusters via file-suffix heuristics" time="0.005826417">
        </testcase>
        <testcase classname="src/scan/discover-downstream-packages.spec.ts" name="discoverDownstreamPackages &gt; ignores .spec.ts in heuristics" time="0.004119334">
        </testcase>
        <testcase classname="src/scan/discover-downstream-packages.spec.ts" name="discoverDownstreamPackages &gt; falls back to dir basename when package.json is missing" time="0.003527792">
        </testcase>
        <testcase classname="src/scan/discover-downstream-packages.spec.ts" name="discoverDownstreamPackages &gt; treats explicitDirs as the only candidates when supplied" time="0.0048395">
        </testcase>
        <testcase classname="src/scan/discover-downstream-packages.spec.ts" name="discoverDownstreamPackages &gt; merges declaredScanClusters with heuristic candidates" time="0.018776166">
        </testcase>
        <testcase classname="src/scan/discover-downstream-packages.spec.ts" name="packageNameToSlug &gt; strips @scope/ and lowercases" time="0.000195292">
        </testcase>
    </testsuite>
    <testsuite name="src/scan/discover-firebase-packages.spec.ts" timestamp="2026-05-08T21:10:59.651Z" hostname="dbMBP.local" tests="8" failures="0" errors="0" skipped="0" time="0.276858625">
        <testcase classname="src/scan/discover-firebase-packages.spec.ts" name="discoverDownstreamFirebasePackages &gt; returns packages whose model dir exists" time="0.095999417">
        </testcase>
        <testcase classname="src/scan/discover-firebase-packages.spec.ts" name="discoverDownstreamFirebasePackages &gt; skips dirs without src/lib/model" time="0.031289333">
        </testcase>
        <testcase classname="src/scan/discover-firebase-packages.spec.ts" name="discoverDownstreamFirebasePackages &gt; falls back to dir basename when package.json is missing or unreadable" time="0.031527917">
        </testcase>
        <testcase classname="src/scan/discover-firebase-packages.spec.ts" name="discoverDownstreamFirebasePackages &gt; falls back to dir basename when package.json is malformed" time="0.025708041">
        </testcase>
        <testcase classname="src/scan/discover-firebase-packages.spec.ts" name="discoverDownstreamFirebasePackages &gt; returns an empty array when no components/*-firebase exist" time="0.004364791">
        </testcase>
        <testcase classname="src/scan/discover-firebase-packages.spec.ts" name="resolveExplicitFirebasePackages &gt; resolves explicit dirs anywhere in the workspace" time="0.0076995">
        </testcase>
        <testcase classname="src/scan/discover-firebase-packages.spec.ts" name="resolveExplicitFirebasePackages &gt; drops entries without a model dir" time="0.001693875">
        </testcase>
        <testcase classname="src/scan/discover-firebase-packages.spec.ts" name="resolveExplicitFirebasePackages &gt; dedupes and ignores empty/trailing-slash variants" time="0.076975541">
        </testcase>
    </testsuite>
    <testsuite name="src/scan/extract.spec.ts" timestamp="2026-05-08T21:10:59.651Z" hostname="dbMBP.local" tests="20" failures="0" errors="0" skipped="0" time="2.2082545">
        <testcase classname="src/scan/extract.spec.ts" name="extractEntries — opt-in marker &gt; skips type aliases without @semanticType" time="0.254357791">
        </testcase>
        <testcase classname="src/scan/extract.spec.ts" name="extractEntries — opt-in marker &gt; extracts a string-aliased semantic type" time="0.103218959">
        </testcase>
        <testcase classname="src/scan/extract.spec.ts" name="extractEntries — opt-in marker &gt; skips non-exported type aliases even when tagged" time="0.113979417">
        </testcase>
        <testcase classname="src/scan/extract.spec.ts" name="extractEntries — baseType detection &gt; detects string and number primitives" time="0.080112041">
        </testcase>
        <testcase classname="src/scan/extract.spec.ts" name="extractEntries — baseType detection &gt; detects union-literal types and pulls union values" time="0.130951375">
        </testcase>
        <testcase classname="src/scan/extract.spec.ts" name="extractEntries — baseType detection &gt; detects branded intersections via underscore-prefixed property" time="0.153446125">
        </testcase>
        <testcase classname="src/scan/extract.spec.ts" name="extractEntries — baseType detection &gt; detects classical __brand intersections" time="0.101398709">
        </testcase>
        <testcase classname="src/scan/extract.spec.ts" name="extractEntries — baseType detection &gt; marks interface declarations as object kind" time="0.082725708">
        </testcase>
        <testcase classname="src/scan/extract.spec.ts" name="extractEntries — companion resolution &gt; auto-detects an `is&lt;Name&gt;` guard when exported in the same file" time="0.153981042">
        </testcase>
        <testcase classname="src/scan/extract.spec.ts" name="extractEntries — companion resolution &gt; does not auto-detect a guard when the same-file export is missing" time="0.078013917">
        </testcase>
        <testcase classname="src/scan/extract.spec.ts" name="extractEntries — companion resolution &gt; honours @semanticGuard declarations when the symbol exists" time="0.089904083">
        </testcase>
        <testcase classname="src/scan/extract.spec.ts" name="extractEntries — companion resolution &gt; drops @semanticGuard names that do not resolve to an export" time="0.08687625">
        </testcase>
        <testcase classname="src/scan/extract.spec.ts" name="extractEntries — companion resolution &gt; honours @semanticFactory declarations when the symbol exists" time="0.081212166">
        </testcase>
        <testcase classname="src/scan/extract.spec.ts" name="extractEntries — JSDoc tag handling &gt; parses multiple @example blocks and joins multiple summary lines" time="0.102692333">
        </testcase>
        <testcase classname="src/scan/extract.spec.ts" name="extractEntries — JSDoc tag handling &gt; captures @since and @deprecated tags" time="0.108993333">
        </testcase>
        <testcase classname="src/scan/extract.spec.ts" name="extractEntries — JSDoc tag handling &gt; treats bare @deprecated (no comment) as `true`" time="0.085461917">
        </testcase>
        <testcase classname="src/scan/extract.spec.ts" name="extractEntries — JSDoc tag handling &gt; accepts comma- or whitespace-separated topic lists" time="0.093973458">
        </testcase>
        <testcase classname="src/scan/extract.spec.ts" name="extractEntries — type parameters &gt; captures generic type parameters" time="0.092146209">
        </testcase>
        <testcase classname="src/scan/extract.spec.ts" name="extractEntries — type parameters &gt; omits typeParameters field when there are none" time="0.124019375">
        </testcase>
        <testcase classname="src/scan/extract.spec.ts" name="extractEntries — multi-file &gt; returns entries across multiple source files in deterministic order" time="0.086891667">
        </testcase>
    </testsuite>
    <testsuite name="src/scan/filters-extract.spec.ts" timestamp="2026-05-08T21:10:59.652Z" hostname="dbMBP.local" tests="7" failures="0" errors="0" skipped="0" time="0.0175065">
        <testcase classname="src/scan/filters-extract.spec.ts" name="extractFilterEntries — opt-in marker &gt; skips classes without @dbxFilter" time="0.007965958">
        </testcase>
        <testcase classname="src/scan/filters-extract.spec.ts" name="extractFilterEntries — opt-in marker &gt; skips interfaces without @dbxFilter" time="0.001429417">
        </testcase>
        <testcase classname="src/scan/filters-extract.spec.ts" name="extractFilterEntries — directives &gt; extracts a tagged directive with selector and signal input" time="0.003508">
        </testcase>
        <testcase classname="src/scan/filters-extract.spec.ts" name="extractFilterEntries — directives &gt; warns when @dbxFilterSlug is missing" time="0.000980375">
        </testcase>
        <testcase classname="src/scan/filters-extract.spec.ts" name="extractFilterEntries — directives &gt; warns when @Directive decorator is absent on a class entry" time="0.000748292">
        </testcase>
        <testcase classname="src/scan/filters-extract.spec.ts" name="extractFilterEntries — patterns &gt; extracts a tagged interface as a pattern entry" time="0.001379917">
        </testcase>
        <testcase classname="src/scan/filters-extract.spec.ts" name="extractFilterEntries — patterns &gt; warns when a tagged interface is missing slug" time="0.0006125">
        </testcase>
    </testsuite>
    <testsuite name="src/scan/forge-fields-extract.spec.ts" timestamp="2026-05-08T21:10:59.653Z" hostname="dbMBP.local" tests="7" failures="0" errors="0" skipped="0" time="0.029886167">
        <testcase classname="src/scan/forge-fields-extract.spec.ts" name="extractForgeFieldEntries — union config walker &gt; emits union-config-not-walked when the config alias is a primitive-only union" time="0.011274834">
        </testcase>
        <testcase classname="src/scan/forge-fields-extract.spec.ts" name="extractForgeFieldEntries — union config walker &gt; skips primitive-literal members and yields object properties marked optional in a mixed union" time="0.002199375">
        </testcase>
        <testcase classname="src/scan/forge-fields-extract.spec.ts" name="extractForgeFieldEntries — union config walker &gt; merges both branches of an object-only union" time="0.01174325">
        </testcase>
        <testcase classname="src/scan/forge-fields-extract.spec.ts" name="extractForgeFieldEntries — new tier validation &gt; field-derivative requires a base slug via @dbxFormComposesFrom" time="0.00114525">
        </testcase>
        <testcase classname="src/scan/forge-fields-extract.spec.ts" name="extractForgeFieldEntries — new tier validation &gt; field-derivative with @dbxFormComposesFrom yields a derivative entry" time="0.001025292">
        </testcase>
        <testcase classname="src/scan/forge-fields-extract.spec.ts" name="extractForgeFieldEntries — new tier validation &gt; template-builder requires @dbxFormComposesFrom slugs" time="0.000789334">
        </testcase>
        <testcase classname="src/scan/forge-fields-extract.spec.ts" name="extractForgeFieldEntries — new tier validation &gt; template-builder with composesFrom yields a template entry carrying the slug list" time="0.000808167">
        </testcase>
    </testsuite>
    <testsuite name="src/scan/model-snapshot-fields-extract.spec.ts" timestamp="2026-05-08T21:10:59.654Z" hostname="dbMBP.local" tests="8" failures="0" errors="0" skipped="0" time="0.626663584">
        <testcase classname="src/scan/model-snapshot-fields-extract.spec.ts" name="extractModelSnapshotFieldEntries — opt-in marker &gt; skips functions without @dbxModelSnapshotField" time="0.007739">
        </testcase>
        <testcase classname="src/scan/model-snapshot-fields-extract.spec.ts" name="extractModelSnapshotFieldEntries — opt-in marker &gt; skips consts without @dbxModelSnapshotField" time="0.001240083">
        </testcase>
        <testcase classname="src/scan/model-snapshot-fields-extract.spec.ts" name="extractModelSnapshotFieldEntries — factories &gt; extracts a tagged factory with category, tags, and example" time="0.156980459">
        </testcase>
        <testcase classname="src/scan/model-snapshot-fields-extract.spec.ts" name="extractModelSnapshotFieldEntries — factories &gt; infers optional=true from optional* name prefix" time="0.091938208">
        </testcase>
        <testcase classname="src/scan/model-snapshot-fields-extract.spec.ts" name="extractModelSnapshotFieldEntries — factories &gt; respects explicit @dbxModelSnapshotFieldOptional override" time="0.09367975">
        </testcase>
        <testcase classname="src/scan/model-snapshot-fields-extract.spec.ts" name="extractModelSnapshotFieldEntries — consts &gt; extracts a tagged const with kind=const" time="0.094411875">
        </testcase>
        <testcase classname="src/scan/model-snapshot-fields-extract.spec.ts" name="extractModelSnapshotFieldEntries — duplicate slug warning &gt; emits a duplicate-slug warning when two entries share a slug" time="0.0744025">
        </testcase>
        <testcase classname="src/scan/model-snapshot-fields-extract.spec.ts" name="extractModelSnapshotFieldEntries — invalid kind override &gt; emits an unsupported-kind-override warning and skips the entry" time="0.10478">
        </testcase>
    </testsuite>
    <testsuite name="src/scan/scan-config-schema.spec.ts" timestamp="2026-05-08T21:10:59.654Z" hostname="dbMBP.local" tests="8" failures="0" errors="0" skipped="0" time="0.002731">
        <testcase classname="src/scan/scan-config-schema.spec.ts" name="SemanticTypeScanConfig schema &gt; accepts a minimal valid config" time="0.000933333">
        </testcase>
        <testcase classname="src/scan/scan-config-schema.spec.ts" name="SemanticTypeScanConfig schema &gt; accepts a config with every optional field" time="0.000119167">
        </testcase>
        <testcase classname="src/scan/scan-config-schema.spec.ts" name="SemanticTypeScanConfig schema &gt; rejects a config with version: 2" time="0.00043925">
        </testcase>
        <testcase classname="src/scan/scan-config-schema.spec.ts" name="SemanticTypeScanConfig schema &gt; rejects a config with no include patterns" time="0.00012075">
        </testcase>
        <testcase classname="src/scan/scan-config-schema.spec.ts" name="SemanticTypeScanConfig schema &gt; rejects a config missing source" time="0.000101209">
        </testcase>
        <testcase classname="src/scan/scan-config-schema.spec.ts" name="SemanticTypeScanConfig schema &gt; rejects a config missing topicNamespace" time="0.000082375">
        </testcase>
        <testcase classname="src/scan/scan-config-schema.spec.ts" name="scan-config constants &gt; exposes the canonical filename" time="0.000068625">
        </testcase>
        <testcase classname="src/scan/scan-config-schema.spec.ts" name="scan-config constants &gt; exposes the default out path" time="0.000066958">
        </testcase>
    </testsuite>
    <testsuite name="src/scan/ui-components-build-manifest.spec.ts" timestamp="2026-05-08T21:10:59.655Z" hostname="dbMBP.local" tests="5" failures="0" errors="0" skipped="0" time="0.462763375">
        <testcase classname="src/scan/ui-components-build-manifest.spec.ts" name="buildUiComponentsManifest &gt; builds a manifest from tagged sources and validates it against the schema" time="0.217557958">
        </testcase>
        <testcase classname="src/scan/ui-components-build-manifest.spec.ts" name="buildUiComponentsManifest &gt; respects custom source and module overrides" time="0.103508625">
        </testcase>
        <testcase classname="src/scan/ui-components-build-manifest.spec.ts" name="buildUiComponentsManifest &gt; returns no-config when scan config is absent" time="0.00018775">
        </testcase>
        <testcase classname="src/scan/ui-components-build-manifest.spec.ts" name="buildUiComponentsManifest &gt; returns invalid-scan-config when uiComponents section is missing" time="0.000491291">
        </testcase>
        <testcase classname="src/scan/ui-components-build-manifest.spec.ts" name="serializeUiComponentManifest &gt; produces stable JSON with trailing newline" time="0.139854625">
        </testcase>
    </testsuite>
    <testsuite name="src/scan/ui-components-extract.spec.ts" timestamp="2026-05-08T21:10:59.655Z" hostname="dbMBP.local" tests="12" failures="0" errors="0" skipped="0" time="1.081894375">
        <testcase classname="src/scan/ui-components-extract.spec.ts" name="extractUiEntries — opt-in marker &gt; skips classes without @dbxWebComponent" time="0.008767417">
        </testcase>
        <testcase classname="src/scan/ui-components-extract.spec.ts" name="extractUiEntries — opt-in marker &gt; extracts a tagged component with auto-detected kind and selector" time="0.218743292">
        </testcase>
        <testcase classname="src/scan/ui-components-extract.spec.ts" name="extractUiEntries — directives, pipes, services &gt; detects @Directive kind and selector" time="0.146348833">
        </testcase>
        <testcase classname="src/scan/ui-components-extract.spec.ts" name="extractUiEntries — directives, pipes, services &gt; detects @Pipe and Pipe name" time="0.137817708">
        </testcase>
        <testcase classname="src/scan/ui-components-extract.spec.ts" name="extractUiEntries — directives, pipes, services &gt; detects @Injectable services" time="0.084278209">
        </testcase>
        <testcase classname="src/scan/ui-components-extract.spec.ts" name="extractUiEntries — outputs &gt; extracts signal output() with type argument" time="0.08933075">
        </testcase>
        <testcase classname="src/scan/ui-components-extract.spec.ts" name="extractUiEntries — outputs &gt; extracts @Output() EventEmitter outputs" time="0.076410084">
        </testcase>
        <testcase classname="src/scan/ui-components-extract.spec.ts" name="extractUiEntries — required inputs &gt; flags input.required&lt;T&gt;() as required" time="0.12256275">
        </testcase>
        <testcase classname="src/scan/ui-components-extract.spec.ts" name="extractUiEntries — required inputs &gt; respects alias from input() options" time="0.095963958">
        </testcase>
        <testcase classname="src/scan/ui-components-extract.spec.ts" name="extractUiEntries — warnings &gt; warns when slug or category is missing" time="0.00082325">
        </testcase>
        <testcase classname="src/scan/ui-components-extract.spec.ts" name="extractUiEntries — warnings &gt; warns on unknown category and skips entry" time="0.000439167">
        </testcase>
        <testcase classname="src/scan/ui-components-extract.spec.ts" name="extractUiEntries — JSDoc tags &gt; parses related slugs, skill refs, and minimal example fences" time="0.098628584">
        </testcase>
    </testsuite>
    <testsuite name="src/tools/action-examples.tool.spec.ts" timestamp="2026-05-08T21:10:59.656Z" hostname="dbMBP.local" tests="7" failures="0" errors="0" skipped="0" time="0.004338791">
        <testcase classname="src/tools/action-examples.tool.spec.ts" name="dbx_action_examples &gt; rejects missing pattern via arktype" time="0.001490542">
        </testcase>
        <testcase classname="src/tools/action-examples.tool.spec.ts" name="dbx_action_examples &gt; renders the pattern catalog for &quot;list&quot;" time="0.000324666">
        </testcase>
        <testcase classname="src/tools/action-examples.tool.spec.ts" name="dbx_action_examples &gt; returns the full snippet by default" time="0.0002055">
        </testcase>
        <testcase classname="src/tools/action-examples.tool.spec.ts" name="dbx_action_examples &gt; returns the minimal snippet when requested" time="0.00019875">
        </testcase>
        <testcase classname="src/tools/action-examples.tool.spec.ts" name="dbx_action_examples &gt; surfaces notes in full depth when present" time="0.000907375">
        </testcase>
        <testcase classname="src/tools/action-examples.tool.spec.ts" name="dbx_action_examples &gt; uses an html fence on minimal/brief depths and a ts fence on full" time="0.000229417">
        </testcase>
        <testcase classname="src/tools/action-examples.tool.spec.ts" name="dbx_action_examples &gt; falls back gracefully on unknown pattern" time="0.000160584">
        </testcase>
    </testsuite>
    <testsuite name="src/tools/action-scaffold.tool.spec.ts" timestamp="2026-05-08T21:10:59.656Z" hostname="dbMBP.local" tests="8" failures="0" errors="0" skipped="0" time="0.016111209">
        <testcase classname="src/tools/action-scaffold.tool.spec.ts" name="dbx_action_scaffold &gt; rejects missing required args via arktype" time="0.001469625">
        </testcase>
        <testcase classname="src/tools/action-scaffold.tool.spec.ts" name="dbx_action_scaffold &gt; rejects empty use_case after trim" time="0.000185666">
        </testcase>
        <testcase classname="src/tools/action-scaffold.tool.spec.ts" name="dbx_action_scaffold &gt; renders a button + confirm + snackbar scaffold by default" time="0.011915375">
        </testcase>
        <testcase classname="src/tools/action-scaffold.tool.spec.ts" name="dbx_action_scaffold &gt; renders a form trigger with dbxActionForm and EnforceModified" time="0.000291916">
        </testcase>
        <testcase classname="src/tools/action-scaffold.tool.spec.ts" name="dbx_action_scaffold &gt; renders an auto-modify scaffold with auto-trigger + auto-modify directives" time="0.000167834">
        </testcase>
        <testcase classname="src/tools/action-scaffold.tool.spec.ts" name="dbx_action_scaffold &gt; uses [dbxActionSource] when context_provider is parent" time="0.000153">
        </testcase>
        <testcase classname="src/tools/action-scaffold.tool.spec.ts" name="dbx_action_scaffold &gt; emits a redirect TODO when success_feedback is redirect" time="0.000133417">
        </testcase>
        <testcase classname="src/tools/action-scaffold.tool.spec.ts" name="dbx_action_scaffold &gt; omits snackbar directives and the dbx-error placeholder when success_feedback is none" time="0.000171667">
        </testcase>
    </testsuite>
    <testsuite name="src/tools/auth-tools.spec.ts" timestamp="2026-05-08T21:10:59.657Z" hostname="dbMBP.local" tests="20" failures="0" errors="0" skipped="0" time="0.006699417">
        <testcase classname="src/tools/auth-tools.spec.ts" name="dbx_auth_claim_lookup &gt; rejects empty arguments" time="0.0011865">
        </testcase>
        <testcase classname="src/tools/auth-tools.spec.ts" name="dbx_auth_claim_lookup &gt; returns the catalog for topic=&quot;list&quot;" time="0.000251958">
        </testcase>
        <testcase classname="src/tools/auth-tools.spec.ts" name="dbx_auth_claim_lookup &gt; looks up the demo `o` claim and exposes its tags + role mapping" time="0.000260667">
        </testcase>
        <testcase classname="src/tools/auth-tools.spec.ts" name="dbx_auth_claim_lookup &gt; looks up by interface name" time="0.000129791">
        </testcase>
        <testcase classname="src/tools/auth-tools.spec.ts" name="dbx_auth_claim_lookup &gt; handles inverse claims" time="0.000095166">
        </testcase>
        <testcase classname="src/tools/auth-tools.spec.ts" name="dbx_auth_scope_lookup &gt; returns a scope entry with enforcement details" time="0.000232209">
        </testcase>
        <testcase classname="src/tools/auth-tools.spec.ts" name="dbx_auth_scope_lookup &gt; lists the catalog" time="0.000116708">
        </testcase>
        <testcase classname="src/tools/auth-tools.spec.ts" name="dbx_auth_role_lookup &gt; errors when no inputs are provided" time="0.000142708">
        </testcase>
        <testcase classname="src/tools/auth-tools.spec.ts" name="dbx_auth_role_lookup &gt; looks up by role string" time="0.0013975">
        </testcase>
        <testcase classname="src/tools/auth-tools.spec.ts" name="dbx_auth_role_lookup &gt; looks up by const name" time="0.000141709">
        </testcase>
        <testcase classname="src/tools/auth-tools.spec.ts" name="dbx_auth_role_lookup &gt; filters by tag" time="0.00012825">
        </testcase>
        <testcase classname="src/tools/auth-tools.spec.ts" name="dbx_auth_role_lookup &gt; reverse lookup surfaces scopes for a CRUD verb" time="0.000185416">
        </testcase>
        <testcase classname="src/tools/auth-tools.spec.ts" name="dbx_auth_token_explain &gt; rejects when neither token nor claims is supplied" time="0.000138667">
        </testcase>
        <testcase classname="src/tools/auth-tools.spec.ts" name="dbx_auth_token_explain &gt; rejects when both are supplied" time="0.000062625">
        </testcase>
        <testcase classname="src/tools/auth-tools.spec.ts" name="dbx_auth_token_explain &gt; annotates a claims object with catalogued meanings" time="0.000546917">
        </testcase>
        <testcase classname="src/tools/auth-tools.spec.ts" name="dbx_auth_token_explain &gt; flags expired tokens" time="0.000078041">
        </testcase>
        <testcase classname="src/tools/auth-tools.spec.ts" name="dbx_auth_token_explain &gt; decodes a real-shaped JWT" time="0.000208209">
        </testcase>
        <testcase classname="src/tools/auth-tools.spec.ts" name="dbx_auth_list_app &gt; lists known apps when app=&quot;list&quot;" time="0.000142084">
        </testcase>
        <testcase classname="src/tools/auth-tools.spec.ts" name="dbx_auth_list_app &gt; shows the demo-api surface including the inherited `fr` claim" time="0.000302417">
        </testcase>
        <testcase classname="src/tools/auth-tools.spec.ts" name="dbx_auth_list_app &gt; returns a not-found message for unknown apps" time="0.00006175">
        </testcase>
    </testsuite>
    <testsuite name="src/tools/css-class-lookup.tool.spec.ts" timestamp="2026-05-08T21:10:59.658Z" hostname="dbMBP.local" tests="15" failures="0" errors="0" skipped="0" time="0.015130833">
        <testcase classname="src/tools/css-class-lookup.tool.spec.ts" name="createCssClassLookupTool — parent + includeChildren &gt; parent=&quot;&lt;slug&gt;&quot; alone lists the parent&apos;s children" time="0.0116735">
        </testcase>
        <testcase classname="src/tools/css-class-lookup.tool.spec.ts" name="createCssClassLookupTool — parent + includeChildren &gt; parent=&quot;&lt;slug&gt;&quot; + declarations narrows the candidate pool to that parent" time="0.000616833">
        </testcase>
        <testcase classname="src/tools/css-class-lookup.tool.spec.ts" name="createCssClassLookupTool — parent + includeChildren &gt; browse hides children by default" time="0.000244125">
        </testcase>
        <testcase classname="src/tools/css-class-lookup.tool.spec.ts" name="createCssClassLookupTool — parent + includeChildren &gt; browse with includeChildren=true surfaces every entry and tags parents" time="0.000132333">
        </testcase>
        <testcase classname="src/tools/css-class-lookup.tool.spec.ts" name="createCssClassLookupTool — parent + includeChildren &gt; name lookup resolves a child entry directly and shows its parent" time="0.000124459">
        </testcase>
        <testcase classname="src/tools/css-class-lookup.tool.spec.ts" name="createCssClassLookupTool — parent + includeChildren &gt; rendering a parent entry includes its children section" time="0.00010675">
        </testcase>
        <testcase classname="src/tools/css-class-lookup.tool.spec.ts" name="createCssClassLookupTool — parent + includeChildren &gt; parent=&quot;&lt;slug&gt;&quot; with no children explains that the parent has none" time="0.000076791">
        </testcase>
        <testcase classname="src/tools/css-class-lookup.tool.spec.ts" name="createCssClassLookupTool — component / scope / tokens &gt; renders the owning component when present" time="0.000109708">
        </testcase>
        <testcase classname="src/tools/css-class-lookup.tool.spec.ts" name="createCssClassLookupTool — component / scope / tokens &gt; renders the component-class scope warning" time="0.00014425">
        </testcase>
        <testcase classname="src/tools/css-class-lookup.tool.spec.ts" name="createCssClassLookupTool — component / scope / tokens &gt; renders tokens read with override hint" time="0.000151">
        </testcase>
        <testcase classname="src/tools/css-class-lookup.tool.spec.ts" name="createCssClassLookupTool — component / scope / tokens &gt; renders tokens set with cascade hint" time="0.000096041">
        </testcase>
        <testcase classname="src/tools/css-class-lookup.tool.spec.ts" name="createCssClassLookupTool — component / scope / tokens &gt; omits Tokens read / set sections when the lists are empty" time="0.000102458">
        </testcase>
        <testcase classname="src/tools/css-class-lookup.tool.spec.ts" name="createCssClassLookupTool — compound selectorContext &gt; renders a &quot;Use inside&quot; line with the descendant chain" time="0.000080833">
        </testcase>
        <testcase classname="src/tools/css-class-lookup.tool.spec.ts" name="createCssClassLookupTool — compound selectorContext &gt; renders the full compound chain in the declarations block" time="0.000068625">
        </testcase>
        <testcase classname="src/tools/css-class-lookup.tool.spec.ts" name="createCssClassLookupTool — compound selectorContext &gt; still resolves the host class via name lookup" time="0.000058084">
        </testcase>
    </testsuite>
    <testsuite name="src/tools/css-token-lookup.tool.spec.ts" timestamp="2026-05-08T21:10:59.659Z" hostname="dbMBP.local" tests="21" failures="0" errors="0" skipped="0" time="0.095774625">
        <testcase classname="src/tools/css-token-lookup.tool.spec.ts" name="parseColor &gt; parses hex shorthand" time="0.001211958">
        </testcase>
        <testcase classname="src/tools/css-token-lookup.tool.spec.ts" name="parseColor &gt; parses 6-digit hex" time="0.00047075">
        </testcase>
        <testcase classname="src/tools/css-token-lookup.tool.spec.ts" name="parseColor &gt; parses comma rgba" time="0.000144041">
        </testcase>
        <testcase classname="src/tools/css-token-lookup.tool.spec.ts" name="parseColor &gt; parses space rgba" time="0.000115584">
        </testcase>
        <testcase classname="src/tools/css-token-lookup.tool.spec.ts" name="parseColor &gt; returns null for non-color" time="0.000079">
        </testcase>
        <testcase classname="src/tools/css-token-lookup.tool.spec.ts" name="parseLength &gt; parses px" time="0.000139">
        </testcase>
        <testcase classname="src/tools/css-token-lookup.tool.spec.ts" name="parseLength &gt; parses rem" time="0.0001135">
        </testcase>
        <testcase classname="src/tools/css-token-lookup.tool.spec.ts" name="parseLength &gt; returns null for non-length" time="0.000062209">
        </testcase>
        <testcase classname="src/tools/css-token-lookup.tool.spec.ts" name="parseShadow &gt; parses a single layer" time="0.000361083">
        </testcase>
        <testcase classname="src/tools/css-token-lookup.tool.spec.ts" name="parseShadow &gt; splits multi-layer shadows on top-level commas" time="0.000151542">
        </testcase>
        <testcase classname="src/tools/css-token-lookup.tool.spec.ts" name="colorDistance &gt; reports distance ~0 for identical colors" time="0.000157">
        </testcase>
        <testcase classname="src/tools/css-token-lookup.tool.spec.ts" name="colorDistance &gt; reports larger distance for distinct colors" time="0.000093166">
        </testcase>
        <testcase classname="src/tools/css-token-lookup.tool.spec.ts" name="resolveToken — required cases &gt; intent=&quot;hint text color&quot; → on-surface-variant" time="0.019694083">
        </testcase>
        <testcase classname="src/tools/css-token-lookup.tool.spec.ts" name="resolveToken — required cases &gt; value=&quot;rgba(0,0,0,0.6)&quot; → on-surface-variant area" time="0.007121125">
        </testcase>
        <testcase classname="src/tools/css-token-lookup.tool.spec.ts" name="resolveToken — required cases &gt; value=&quot;12px&quot;, role=&quot;radius&quot; → corner-medium" time="0.013813792">
        </testcase>
        <testcase classname="src/tools/css-token-lookup.tool.spec.ts" name="resolveToken — required cases &gt; intent=&quot;section gap&quot; → padding-3" time="0.019225417">
        </testcase>
        <testcase classname="src/tools/css-token-lookup.tool.spec.ts" name="resolveToken — required cases &gt; intent=&quot;card surface&quot;, role=&quot;surface&quot; → recommends content-box primitive" time="0.002413333">
        </testcase>
        <testcase classname="src/tools/css-token-lookup.tool.spec.ts" name="resolveToken — required cases &gt; component=&quot;mat-progress-bar&quot; → MDC progress vars present" time="0.014123417">
        </testcase>
        <testcase classname="src/tools/css-token-lookup.tool.spec.ts" name="resolveToken — required cases &gt; value=#26353f → emits no confident match for an unknown brand hex" time="0.003362708">
        </testcase>
        <testcase classname="src/tools/css-token-lookup.tool.spec.ts" name="createCssTokenLookupTool &gt; returns markdown for an intent query" time="0.007082834">
        </testcase>
        <testcase classname="src/tools/css-token-lookup.tool.spec.ts" name="createCssTokenLookupTool &gt; errors on missing args (zero inputs is a browse-list)" time="0.004827708">
        </testcase>
    </testsuite>
    <testsuite name="src/tools/explain-rule.tool.spec.ts" timestamp="2026-05-08T21:10:59.660Z" hostname="dbMBP.local" tests="5" failures="0" errors="0" skipped="0" time="0.011332625">
        <testcase classname="src/tools/explain-rule.tool.spec.ts" name="dbx_explain_rule &gt; returns isError when code is missing" time="0.001370292">
        </testcase>
        <testcase classname="src/tools/explain-rule.tool.spec.ts" name="dbx_explain_rule &gt; renders a known code as markdown with all sections" time="0.00030475">
        </testcase>
        <testcase classname="src/tools/explain-rule.tool.spec.ts" name="dbx_explain_rule &gt; returns the code in JSON when format=json" time="0.000188125">
        </testcase>
        <testcase classname="src/tools/explain-rule.tool.spec.ts" name="dbx_explain_rule &gt; treats codes case-insensitively" time="0.000090334">
        </testcase>
        <testcase classname="src/tools/explain-rule.tool.spec.ts" name="dbx_explain_rule &gt; falls back to candidate suggestions on an unknown code" time="0.008580208">
        </testcase>
    </testsuite>
    <testsuite name="src/tools/filter-scaffold.tool.spec.ts" timestamp="2026-05-08T21:10:59.660Z" hostname="dbMBP.local" tests="7" failures="0" errors="0" skipped="0" time="0.003471708">
        <testcase classname="src/tools/filter-scaffold.tool.spec.ts" name="dbx_filter_scaffold &gt; returns isError when model_name is missing" time="0.001431584">
        </testcase>
        <testcase classname="src/tools/filter-scaffold.tool.spec.ts" name="dbx_filter_scaffold &gt; returns isError when filter_type is missing" time="0.000169041">
        </testcase>
        <testcase classname="src/tools/filter-scaffold.tool.spec.ts" name="dbx_filter_scaffold &gt; rejects empty model_name after trimming" time="0.000124541">
        </testcase>
        <testcase classname="src/tools/filter-scaffold.tool.spec.ts" name="dbx_filter_scaffold &gt; produces filter type + template + class without presets" time="0.000327333">
        </testcase>
        <testcase classname="src/tools/filter-scaffold.tool.spec.ts" name="dbx_filter_scaffold &gt; emits preset constants and array when preset_keys are supplied" time="0.000339834">
        </testcase>
        <testcase classname="src/tools/filter-scaffold.tool.spec.ts" name="dbx_filter_scaffold &gt; wires the collection store when uses_collection_store=true" time="0.000140625">
        </testcase>
        <testcase classname="src/tools/filter-scaffold.tool.spec.ts" name="dbx_filter_scaffold &gt; skips the collection-store wiring by default" time="0.000098208">
        </testcase>
    </testsuite>
    <testsuite name="src/tools/firebase-lookup.formatter.spec.ts" timestamp="2026-05-08T21:10:59.660Z" hostname="dbMBP.local" tests="4" failures="0" errors="0" skipped="0" time="0.002293833">
        <testcase classname="src/tools/firebase-lookup.formatter.spec.ts" name="formatFirebaseModelEntry user-keying line &gt; omits the User keying line when neither flag is set" time="0.000994667">
        </testcase>
        <testcase classname="src/tools/firebase-lookup.formatter.spec.ts" name="formatFirebaseModelEntry user-keying line &gt; renders the userKeyedById-only line" time="0.000131791">
        </testcase>
        <testcase classname="src/tools/firebase-lookup.formatter.spec.ts" name="formatFirebaseModelEntry user-keying line &gt; renders the hasUserUidField-only line" time="0.000083416">
        </testcase>
        <testcase classname="src/tools/firebase-lookup.formatter.spec.ts" name="formatFirebaseModelEntry user-keying line &gt; renders the combined line when both flags are set" time="0.000290625">
        </testcase>
    </testsuite>
    <testsuite name="src/tools/form-examples.tool.spec.ts" timestamp="2026-05-08T21:10:59.661Z" hostname="dbMBP.local" tests="6" failures="0" errors="0" skipped="0" time="0.004073416">
        <testcase classname="src/tools/form-examples.tool.spec.ts" name="dbx_form_examples &gt; rejects missing pattern via arktype" time="0.001408291">
        </testcase>
        <testcase classname="src/tools/form-examples.tool.spec.ts" name="dbx_form_examples &gt; renders the pattern catalog for &quot;list&quot;" time="0.000325792">
        </testcase>
        <testcase classname="src/tools/form-examples.tool.spec.ts" name="dbx_form_examples &gt; returns the full snippet by default" time="0.000184875">
        </testcase>
        <testcase classname="src/tools/form-examples.tool.spec.ts" name="dbx_form_examples &gt; returns the minimal snippet when requested" time="0.00020125">
        </testcase>
        <testcase classname="src/tools/form-examples.tool.spec.ts" name="dbx_form_examples &gt; surfaces notes in full depth when present" time="0.00009775">
        </testcase>
        <testcase classname="src/tools/form-examples.tool.spec.ts" name="dbx_form_examples &gt; falls back gracefully on unknown pattern" time="0.000115875">
        </testcase>
    </testsuite>
    <testsuite name="src/tools/form-scaffold.tool.spec.ts" timestamp="2026-05-08T21:10:59.661Z" hostname="dbMBP.local" tests="10" failures="0" errors="0" skipped="0" time="0.00409925">
        <testcase classname="src/tools/form-scaffold.tool.spec.ts" name="dbx_form_scaffold &gt; rejects missing fields array via arktype" time="0.001420875">
        </testcase>
        <testcase classname="src/tools/form-scaffold.tool.spec.ts" name="dbx_form_scaffold &gt; rejects empty fields array" time="0.000210167">
        </testcase>
        <testcase classname="src/tools/form-scaffold.tool.spec.ts" name="dbx_form_scaffold &gt; reports unknown slugs with actionable message" time="0.000314375">
        </testcase>
        <testcase classname="src/tools/form-scaffold.tool.spec.ts" name="dbx_form_scaffold &gt; reports invalid JS identifier keys" time="0.000144083">
        </testcase>
        <testcase classname="src/tools/form-scaffold.tool.spec.ts" name="dbx_form_scaffold &gt; emits imports, FormConfig, and value interface for a simple field-factory list" time="0.000523667">
        </testcase>
        <testcase classname="src/tools/form-scaffold.tool.spec.ts" name="dbx_form_scaffold &gt; honors a custom value type name" time="0.000146709">
        </testcase>
        <testcase classname="src/tools/form-scaffold.tool.spec.ts" name="dbx_form_scaffold &gt; supports composites and primitives that auto-key or take no key" time="0.000157458">
        </testcase>
        <testcase classname="src/tools/form-scaffold.tool.spec.ts" name="dbx_form_scaffold &gt; primitives get a TODO placeholder instead of an empty call" time="0.000119583">
        </testcase>
        <testcase classname="src/tools/form-scaffold.tool.spec.ts" name="dbx_form_scaffold &gt; wrapInSection injects a section wrapper on the first field" time="0.00016675">
        </testcase>
[...]
        </testcase>
        <testcase classname="src/tools/notification-m-validate-folder/validate.spec.ts" name="validateNotificationFolder — file naming &gt; warns on a stray .ts file at the folder root (api side)" time="0.000148584">
        </testcase>
        <testcase classname="src/tools/notification-m-validate-folder/validate.spec.ts" name="validateNotificationFolder — file naming &gt; does not warn on `index.ts` or files starting with `notification.`" time="0.000080791">
        </testcase>
        <testcase classname="src/tools/notification-m-validate-folder/validate.spec.ts" name="validateNotificationFolder — handlers subfolder mix &gt; warns on non-canonical files at the api root when a `handlers/` subfolder is present" time="0.00010625">
        </testcase>
        <testcase classname="src/tools/notification-m-validate-folder/validate.spec.ts" name="validateNotificationFolder — handlers subfolder mix &gt; does not warn on the canonical convention files even when `handlers/` is present" time="0.000069125">
        </testcase>
        <testcase classname="src/tools/notification-m-validate-folder/validate.spec.ts" name="validateNotificationFolder — handlers subfolder mix &gt; does not warn when `handlers/` is absent" time="0.000061541">
        </testcase>
        <testcase classname="src/tools/notification-m-validate-folder/validate.spec.ts" name="validateNotificationFolder — barrel re-exports &gt; errors when index.ts re-exports a path that has no matching .ts file or subfolder" time="0.000235042">
        </testcase>
        <testcase classname="src/tools/notification-m-validate-folder/validate.spec.ts" name="validateNotificationFolder — barrel re-exports &gt; accepts re-exports that resolve to a sibling subfolder" time="0.00006975">
        </testcase>
        <testcase classname="src/tools/notification-m-validate-folder/validate.spec.ts" name="validateNotificationFolder — barrel re-exports &gt; accepts re-exports that resolve via a `.js` suffix" time="0.000065666">
        </testcase>
        <testcase classname="src/tools/notification-m-validate-folder/validate.spec.ts" name="validateNotificationFolder — barrel re-exports &gt; does not run barrel checks when index.ts is absent" time="0.000063916">
        </testcase>
        <testcase classname="src/tools/notification-m-validate-folder/validate.spec.ts" name="validateNotificationFolder — barrel re-exports &gt; auto-attaches remediation hints from the rule catalog" time="0.000087875">
        </testcase>
    </testsuite>
    <testsuite name="src/tools/storagefile-m-list-app/list.spec.ts" timestamp="2026-05-08T21:10:59.696Z" hostname="dbMBP.local" tests="6" failures="0" errors="0" skipped="0" time="0.054876">
        <testcase classname="src/tools/storagefile-m-list-app/list.spec.ts" name="listAppStorageFiles — happy path &gt; reports both purposes with full registration flags" time="0.042546583">
        </testcase>
        <testcase classname="src/tools/storagefile-m-list-app/list.spec.ts" name="listAppStorageFiles — missing factory &gt; reports uploadServiceFactoryName=undefined when no upload-service call exists" time="0.00305375">
        </testcase>
        <testcase classname="src/tools/storagefile-m-list-app/list.spec.ts" name="listAppStorageFiles — missing handler &gt; reports processingHandlerWiredInApi=false when no handler call exists" time="0.002741083">
        </testcase>
        <testcase classname="src/tools/storagefile-m-list-app/list.spec.ts" name="listAppStorageFiles — markdown formatter &gt; renders header lines + per-purpose blocks" time="0.0023915">
        </testcase>
        <testcase classname="src/tools/storagefile-m-list-app/list.spec.ts" name="listAppStorageFiles — JSON formatter &gt; emits a JSON document with the expected top-level keys" time="0.00201175">
        </testcase>
        <testcase classname="src/tools/storagefile-m-list-app/list.spec.ts" name="listAppStorageFiles — empty case &gt; returns an empty purposes array when component has no purpose constants" time="0.000743416">
        </testcase>
    </testsuite>
    <testsuite name="src/tools/storagefile-m-validate-app/validate.spec.ts" timestamp="2026-05-08T21:10:59.697Z" hostname="dbMBP.local" tests="20" failures="0" errors="0" skipped="0" time="0.079300292">
        <testcase classname="src/tools/storagefile-m-validate-app/validate.spec.ts" name="validateAppStorageFiles — happy path &gt; passes a complete demo-shaped fixture (two purposes, one with subtasks, both wired)" time="0.02498625">
        </testcase>
        <testcase classname="src/tools/storagefile-m-validate-app/validate.spec.ts" name="validateAppStorageFiles — purpose pairing &gt; flags STORAGEFILE_PURPOSE_MISSING_FILE_TYPE_IDENTIFIER when a purpose has no matching identifier" time="0.006091416">
        </testcase>
        <testcase classname="src/tools/storagefile-m-validate-app/validate.spec.ts" name="validateAppStorageFiles — upload service rules &gt; flags STORAGEFILE_UPLOAD_SERVICE_FACTORY_MISSING when no upload-service call exists" time="0.003068458">
        </testcase>
        <testcase classname="src/tools/storagefile-m-validate-app/validate.spec.ts" name="validateAppStorageFiles — upload service rules &gt; flags STORAGEFILE_UPLOAD_SERVICE_NOT_WIRED when no NestJS provider matches" time="0.002795709">
        </testcase>
        <testcase classname="src/tools/storagefile-m-validate-app/validate.spec.ts" name="validateAppStorageFiles — upload service rules &gt; flags STORAGEFILE_PURPOSE_NOT_IN_UPLOAD_SERVICE when a declared identifier has no initializer" time="0.002846167">
        </testcase>
        <testcase classname="src/tools/storagefile-m-validate-app/validate.spec.ts" name="validateAppStorageFiles — upload service rules &gt; flags STORAGEFILE_UPLOAD_INITIALIZER_NAME_MISMATCH when a literal exists but its binding name does not match the call-site reference" time="0.002590791">
        </testcase>
        <testcase classname="src/tools/storagefile-m-validate-app/validate.spec.ts" name="validateAppStorageFiles — upload service rules &gt; flags STORAGEFILE_UPLOAD_INITIALIZER_ORPHAN when an initializer references a phantom identifier" time="0.002219084">
        </testcase>
        <testcase classname="src/tools/storagefile-m-validate-app/validate.spec.ts" name="validateAppStorageFiles — upload service rules &gt; warns STORAGEFILE_UPLOAD_SERVICE_SPREAD_UNRESOLVED when a spread does not resolve" time="0.002166792">
        </testcase>
        <testcase classname="src/tools/storagefile-m-validate-app/validate.spec.ts" name="validateAppStorageFiles — upload service rules &gt; warns STORAGEFILE_UPLOAD_SERVICE_MULTIPLE_FACTORIES when more than one upload-service call exists" time="0.002742834">
        </testcase>
        <testcase classname="src/tools/storagefile-m-validate-app/validate.spec.ts" name="validateAppStorageFiles — processing handler rules &gt; flags STORAGEFILE_PROCESSING_HANDLER_MISSING when no handler call exists despite subtasks" time="0.002432">
        </testcase>
        <testcase classname="src/tools/storagefile-m-validate-app/validate.spec.ts" name="validateAppStorageFiles — processing handler rules &gt; flags STORAGEFILE_PROCESSING_CONFIG_MISSING when a subtask-bearing purpose has no processor config" time="0.002177792">
        </testcase>
        <testcase classname="src/tools/storagefile-m-validate-app/validate.spec.ts" name="validateAppStorageFiles — processing handler rules &gt; flags STORAGEFILE_PROCESSING_CONFIG_ORPHAN when a config target is not a declared purpose" time="0.012933125">
        </testcase>
        <testcase classname="src/tools/storagefile-m-validate-app/validate.spec.ts" name="validateAppStorageFiles — processing handler rules &gt; flags STORAGEFILE_PROCESSING_SUBTASK_NOT_HANDLED when a subtask is missing from the flow" time="0.001867041">
        </testcase>
        <testcase classname="src/tools/storagefile-m-validate-app/validate.spec.ts" name="validateAppStorageFiles — duplicate / convention warnings &gt; warns STORAGEFILE_PURPOSE_DUPLICATE when two purpose constants share a string literal" time="0.001729375">
        </testcase>
        <testcase classname="src/tools/storagefile-m-validate-app/validate.spec.ts" name="validateAppStorageFiles — duplicate / convention warnings &gt; warns STORAGEFILE_FILE_TYPE_IDENTIFIER_DUPLICATE when two identifier constants share a string literal" time="0.00195575">
        </testcase>
        <testcase classname="src/tools/storagefile-m-validate-app/validate.spec.ts" name="validateAppStorageFiles — duplicate / convention warnings &gt; warns STORAGEFILE_GROUP_IDS_FUNCTION_MISSING when a purpose has no group-ids helper" time="0.001664792">
        </testcase>
        <testcase classname="src/tools/storagefile-m-validate-app/validate.spec.ts" name="validateAppStorageFiles — duplicate / convention warnings &gt; auto-attaches remediation hints from the rule catalog" time="0.001642583">
        </testcase>
        <testcase classname="src/tools/storagefile-m-validate-app/validate.spec.ts" name="validateAppStorageFiles — trust list &gt; does not flag STORAGEFILE_UPLOAD_INITIALIZER_ORPHAN for an identifier imported from @dereekb/*" time="0.001830958">
        </testcase>
        <testcase classname="src/tools/storagefile-m-validate-app/validate.spec.ts" name="validateAppStorageFiles — I/O rules &gt; flags STORAGEFILE_COMPONENT_DIR_NOT_FOUND" time="0.00024675">
        </testcase>
        <testcase classname="src/tools/storagefile-m-validate-app/validate.spec.ts" name="validateAppStorageFiles — I/O rules &gt; flags STORAGEFILE_API_FOLDER_MISSING" time="0.000167667">
        </testcase>
    </testsuite>
    <testsuite name="src/tools/storagefile-m-validate-folder/validate.spec.ts" timestamp="2026-05-08T21:10:59.698Z" hostname="dbMBP.local" tests="21" failures="0" errors="0" skipped="0" time="0.008134917">
        <testcase classname="src/tools/storagefile-m-validate-folder/validate.spec.ts" name="validateStorageFileFolder — happy path &gt; passes a canonical demo-shaped layout" time="0.001097208">
        </testcase>
        <testcase classname="src/tools/storagefile-m-validate-folder/validate.spec.ts" name="validateStorageFileFolder — happy path &gt; passes when component side has no index.ts (barrel optional)" time="0.000138208">
        </testcase>
        <testcase classname="src/tools/storagefile-m-validate-folder/validate.spec.ts" name="validateStorageFileFolder — happy path &gt; passes when api side splits into storagefile.&lt;sub&gt;.ts files plus the required three" time="0.000112625">
        </testcase>
        <testcase classname="src/tools/storagefile-m-validate-folder/validate.spec.ts" name="validateStorageFileFolder — directory presence &gt; flags a missing component directory" time="0.000542042">
        </testcase>
        <testcase classname="src/tools/storagefile-m-validate-folder/validate.spec.ts" name="validateStorageFileFolder — directory presence &gt; flags a missing api directory" time="0.000132458">
        </testcase>
        <testcase classname="src/tools/storagefile-m-validate-folder/validate.spec.ts" name="validateStorageFileFolder — directory presence &gt; flags a missing component storagefile folder" time="0.000125417">
        </testcase>
        <testcase classname="src/tools/storagefile-m-validate-folder/validate.spec.ts" name="validateStorageFileFolder — directory presence &gt; flags a missing api storagefile folder" time="0.00012675">
        </testcase>
        <testcase classname="src/tools/storagefile-m-validate-folder/validate.spec.ts" name="validateStorageFileFolder — required api files &gt; flags missing storagefile.module.ts" time="0.000141">
        </testcase>
        <testcase classname="src/tools/storagefile-m-validate-folder/validate.spec.ts" name="validateStorageFileFolder — required api files &gt; flags missing storagefile.upload.service.ts" time="0.0001205">
        </testcase>
        <testcase classname="src/tools/storagefile-m-validate-folder/validate.spec.ts" name="validateStorageFileFolder — required api files &gt; flags missing storagefile.init.ts" time="0.000129917">
        </testcase>
        <testcase classname="src/tools/storagefile-m-validate-folder/validate.spec.ts" name="validateStorageFileFolder — file naming &gt; warns on a stray .ts file at the folder root (component side)" time="0.000272833">
        </testcase>
        <testcase classname="src/tools/storagefile-m-validate-folder/validate.spec.ts" name="validateStorageFileFolder — file naming &gt; warns on a stray .ts file at the folder root (api side)" time="0.000149834">
        </testcase>
        <testcase classname="src/tools/storagefile-m-validate-folder/validate.spec.ts" name="validateStorageFileFolder — file naming &gt; does not warn on `index.ts` or files starting with `storagefile.`" time="0.000563042">
        </testcase>
        <testcase classname="src/tools/storagefile-m-validate-folder/validate.spec.ts" name="validateStorageFileFolder — handlers subfolder mix &gt; warns on non-canonical files at the api root when a `handlers/` subfolder is present" time="0.0001155">
        </testcase>
        <testcase classname="src/tools/storagefile-m-validate-folder/validate.spec.ts" name="validateStorageFileFolder — handlers subfolder mix &gt; does not warn on the canonical required files even when `handlers/` is present" time="0.000072375">
        </testcase>
        <testcase classname="src/tools/storagefile-m-validate-folder/validate.spec.ts" name="validateStorageFileFolder — handlers subfolder mix &gt; does not warn when `handlers/` is absent" time="0.000060667">
        </testcase>
        <testcase classname="src/tools/storagefile-m-validate-folder/validate.spec.ts" name="validateStorageFileFolder — barrel re-exports &gt; errors when index.ts re-exports a path that has no matching .ts file or subfolder" time="0.002882167">
        </testcase>
        <testcase classname="src/tools/storagefile-m-validate-folder/validate.spec.ts" name="validateStorageFileFolder — barrel re-exports &gt; accepts re-exports that resolve to a sibling subfolder" time="0.000122333">
        </testcase>
        <testcase classname="src/tools/storagefile-m-validate-folder/validate.spec.ts" name="validateStorageFileFolder — barrel re-exports &gt; accepts re-exports that resolve via a `.js` suffix" time="0.00008575">
        </testcase>
        <testcase classname="src/tools/storagefile-m-validate-folder/validate.spec.ts" name="validateStorageFileFolder — barrel re-exports &gt; does not run barrel checks when index.ts is absent" time="0.000073709">
        </testcase>
        <testcase classname="src/tools/storagefile-m-validate-folder/validate.spec.ts" name="validateStorageFileFolder — barrel re-exports &gt; auto-attaches remediation hints from the rule catalog" time="0.000107625">
        </testcase>
    </testsuite>
    <testsuite name="src/tools/system-m-validate-folder/validate.spec.ts" timestamp="2026-05-08T21:10:59.699Z" hostname="dbMBP.local" tests="22" failures="0" errors="0" skipped="0" time="0.471325666">
        <testcase classname="src/tools/system-m-validate-folder/validate.spec.ts" name="validateSystemFolders — layout &gt; passes a canonical system folder (system.ts + system.action.ts + index.ts + valid triples)" time="0.019637459">
        </testcase>
        <testcase classname="src/tools/system-m-validate-folder/validate.spec.ts" name="validateSystemFolders — layout &gt; passes with just system.ts and index.ts (action file is optional)" time="0.001687125">
        </testcase>
        <testcase classname="src/tools/system-m-validate-folder/validate.spec.ts" name="validateSystemFolders — layout &gt; passes when system.api.ts is present (no violation for it)" time="0.001262625">
        </testcase>
        <testcase classname="src/tools/system-m-validate-folder/validate.spec.ts" name="validateSystemFolders — layout &gt; flags a missing main system.ts file" time="0.00059775">
        </testcase>
        <testcase classname="src/tools/system-m-validate-folder/validate.spec.ts" name="validateSystemFolders — layout &gt; flags a missing index.ts file" time="0.001178792">
        </testcase>
        <testcase classname="src/tools/system-m-validate-folder/validate.spec.ts" name="validateSystemFolders — layout &gt; flags disallowed system.id.ts" time="0.001325458">
        </testcase>
        <testcase classname="src/tools/system-m-validate-folder/validate.spec.ts" name="validateSystemFolders — layout &gt; flags disallowed system.query.ts" time="0.001522292">
        </testcase>
        <testcase classname="src/tools/system-m-validate-folder/validate.spec.ts" name="validateSystemFolders — layout &gt; warns on stray `.ts` files that do not start with `system.`" time="0.001209041">
        </testcase>
        <testcase classname="src/tools/system-m-validate-folder/validate.spec.ts" name="validateSystemFolders — layout &gt; does not warn on `index.ts`, `system.*.ts`, or the main `system.ts`" time="0.001065958">
        </testcase>
        <testcase classname="src/tools/system-m-validate-folder/validate.spec.ts" name="validateSystemFolders — layout &gt; flags a not-found folder" time="0.00018275">
        </testcase>
        <testcase classname="src/tools/system-m-validate-folder/validate.spec.ts" name="validateSystemFolders — layout &gt; flags a non-directory path" time="0.000101">
        </testcase>
        <testcase classname="src/tools/system-m-validate-folder/validate.spec.ts" name="validateSystemFolders — content &gt; errors when the converter map is missing" time="0.000870458">
        </testcase>
        <testcase classname="src/tools/system-m-validate-folder/validate.spec.ts" name="validateSystemFolders — content &gt; warns when the converter map is not the last top-level export" time="0.00184625">
        </testcase>
        <testcase classname="src/tools/system-m-validate-folder/validate.spec.ts" name="validateSystemFolders — content &gt; errors when an interface has no matching converter" time="0.008670541">
        </testcase>
        <testcase classname="src/tools/system-m-validate-folder/validate.spec.ts" name="validateSystemFolders — content &gt; errors when an interface has no matching _SYSTEM_STATE_TYPE constant" time="0.001143291">
        </testcase>
        <testcase classname="src/tools/system-m-validate-folder/validate.spec.ts" name="validateSystemFolders — content &gt; errors on an orphan _SYSTEM_STATE_TYPE constant (no matching interface)" time="0.011874625">
        </testcase>
        <testcase classname="src/tools/system-m-validate-folder/validate.spec.ts" name="validateSystemFolders — content &gt; errors on an orphan converter (no matching interface)" time="0.403197959">
        </testcase>
        <testcase classname="src/tools/system-m-validate-folder/validate.spec.ts" name="validateSystemFolders — content &gt; errors when a type constant is not referenced as a key in the converter map" time="0.009166791">
        </testcase>
        <testcase classname="src/tools/system-m-validate-folder/validate.spec.ts" name="validateSystemFolders — content &gt; warns on a bare string literal used as a converter-map key" time="0.000790333">
        </testcase>
        <testcase classname="src/tools/system-m-validate-folder/validate.spec.ts" name="validateSystemFolders — content &gt; accepts imported identifiers used as converter-map keys (e.g. Zoho token from @dereekb/firebase-server/zoho)" time="0.0004655">
        </testcase>
        <testcase classname="src/tools/system-m-validate-folder/validate.spec.ts" name="validateSystemFolders — content &gt; aggregates violations across multiple folders" time="0.0021245">
        </testcase>
        <testcase classname="src/tools/system-m-validate-folder/validate.spec.ts" name="validateSystemFolders — content &gt; auto-attaches remediation hints from the rule catalog" time="0.000122417">
        </testcase>
    </testsuite>
</testsuites>
